YES
43890
37562
1793
33362
18472
23798
35001
34080
49373
71185
18994
26885
24560
26488
20839
14374
17948
29040
14342
20015
11415
91303
46010
54916
36714
78024
18390
26446
6532
29773
15557
37354
27965
70978
25866
17430
7179
10768
15658
3751
11895
65470
45457
4088
15616
55355
74216
28458
12877
91275
20172
31954
824
31214
760
16789
77395
50710
81367
60002
17711
42212
34835
45588
42456
54529
37914
31766
9595
32399
38229
13409
5266
5843
32060
6909
6495
39703
735
50510
10047
29412
57270
27409
14271
583
26925
24192
9570
41269
55889
1331
21956
46063
27085
8763
61006
38506
7935
60694
44986
28425
834
40697
20957
8984
16869
31755
18584
51243
6528
1942
39907
39465
17343
2342
10135
959
41680
54028
37499
57079
18759
25188
62309
27123
47266
90
73192
67064
2715
38259
53126
51759
2170
15581
16448
24668
29563
21316
43944
89748
94132
9152
1558
12090
6487
25328
6366
48833
18488
18611
31257
39620
135
19479
7157
23068
25782
22412
5515
12412
33131
4126
21198
3423
28597
32904
50389
7173
91749
12177
25493
36333
22933
37525
39076
13827
1036
26017
48075
2990
31274
43642
2244
67190
10213
49713
44639
44086
97028
1277
45992
3481
50206
25076
5599
3707
4071
35059
76158
8462
44131
81832
6525
20659
15254
4321
11773
7417
13486
1380
9777
62814
10147
17980
1530
25955
8561
32951
9798
865
66729
68804
36372
908
22295
20765
12089
35332
38487
34444
37846
57181
12336
13735
3183
37103
986
34412
19289
87771
12373
51652
17219
19188
66990
41073
56533
11576
190
24287
31092
577
11056
30646
52939
6606
48425
7254
61152
2069
26175
6725
35744
78871
44367
771
17184
6729
57905
76681
24991
5206
19483
5670
58938
49509
11452
169
3293
38124
22622
86624
16378
7047
3032
57904
43910
3286
7477
21775
36055
57978
29157
39604
62454
5769
27210
28850
13381
14762
56552
8395
31053
18886
41220
24790
1379
9714
3711
54697
5786
51291
21614
18918
30433
10132
48590
20206
34041
12008
40722
76699
8661
9267
1943
70268
935
1046
1074
980
50775
12612
5973
79752
50071
33937
47073
49578
8904
8064
34425
14073
31702
4074
33883
21027
4403
85231
4794
66074
37549
26335
80678
5056
1262
33312
14008
19422
39752
44745
11722
28370
91783
48522
1366
3072
5871
20956
61914
53810
33259
35352
38164
51936
81663
25175
4661
81277
21029
1809
24443
23566
38107
65733
66473
11441
6862
5283
17797
9702
29472
1314
9102
35697
30010
17048
43230
53014
7952
76372
14838
36085
4726
22886
53772
34308
26283
3304
72238
15842
54103
31741
18921
53403
20069
16285
86519
57842
49639
59604
1339
10522
81864
23003
234
20542
40915
10364
48506
30771
52943
27796
1769
13729
66064
14627
59752
39407
4116
10660
4105
28645
27266
16129
15894
15607
15227
35317
4656
9856
59439
1901
42086
354
15647
19148
4533
6473
27780
5059
64493
15793
68782
27496
32317
35329
77527
56949
5283
20095
4589
54515
1035
13795
4472
60672
6052
21879
50298
2247
12062
86875
20686
41891
27105
16830
35591
35
16179
34614
25883
92464
16809
44569
44151
13410
7469
54041
54267
4649
11944
15855
93898
35485
8902
53083
86254
26211
4752
79336
29942
8996
8867
91479
79305
10431
27245
10214
6173
43521
45259
1913
7257
16781
2999
25352
46609
5969
11773
47390
40762
32684
22525
45594
50990
25106
17526
18849
47525
2796
32816
13257
13008
17508
40397
4773
4301
59270
2463
7669
20259
92150
83015
16886
15983
7888
35350
7210
74136
71605
67800
2260
26017
1643
20376
46006
58178
29854
11030
8348
8727
1020
2000
58784
13448
29182
21839
37480
2735
12116
20739
17189
38202
1163
3800
37964
31766
31978
82810
83751
78956
6016
15259
2726
10569
71576
18852
88
29005
1299
18759
93205
2280
17054
39461
49569
53233
9093
92017
12619
38494
11064
21005
17927
19913
56695
58598
1337
3947
45778
11627
2795
791
4386
1382
7039
24721
1539
659
4390
4979
24783
24518
1499
12526
81437
534
11940
59568
79213
51573
33554
90998
1943
7189
7946
62364
63068
56167
21367
2313
9103
83468
64915
31450
20694
23959
325
22807
34867
36
79057
1662
45886
60070
224
23594
41035
697
20181
375
4201
60907
3261
20371
22
11181
12222
14954
3862
61318
3116
17124
81450
32512
28889
28827
81246
28859
12300
6284
14432
84581
37837
19695
518
2417
4428
36179
45628
77104
50777
11935
42102
4873
48547
3146
3150
12895
34114
46642
24235
82420
2885
58
35676
6578
26057
51001
4827
58492
85828
284
6540
24590
39501
2139
5213
42170
12778
14567
52618
9559
50180
4990
21567
13756
65338
40438
9332
21216
45836
49701
19073
71204
34848
782
17816
13459
57061
18128
10418
80968
3936
62434
35696
19410
61547
22974
107
6961
766
2949
22831
16386
17877
55898
3683
52588
4911
24672
15798
35038
81499
8241
25971
2966
3191
10655
3721
34448
22757
13120
11158
17602
22483
33114
12278
41177
45861
78025
1359
3385
4897
752
4518
22546
2573
59525
16144
3223
18279
49013
7541
50854
32830
23373
5069
23787
17719
25320
36254
70554
7000
60861
499
3716
46602
14139
39185
15688
22082
69708
656
29329
7122
59791
24400
64865
28853
13658
843
52154
6406
27856
29527
18297
38552
3855
74051
81539
37908
58836
28271
81138
19246
51524
5869
13214
96607
16242
33747
8415
5291
198
83731
8167
12454
289
10460
11128
93472
48323
38426
4646
3412
41892
19072
21923
66012
4756
11138
94914
14721
622
64823
46445
13560
170
12159
36890
75629
78772
55815
83453
30389
4701
2457
412
7996
5484
59315
3616
31989
3412
1596
50652
26094
3116
90260
59040
7751
25749
20588
3649
237
69766
27883
23046
8544
9266
12943
60197
44159
44259
65087
8809
45473
51850
30006
14647
91694
13728
41096
1204
33398
81369
971
23267
79619
23213
71894
26948
16299
98485
26933
26776
24487
41656
12623
20178
3026
86752
12027
27596
12087
1407
35359
8357
34732
22338
29301
41180
7573
20631
81382
49352
96171
26537
8719
9814
250
12772
36651
40812
52648
18298
16258
46034
60666
32267
4344
8994
23489
10884
9401
4519
34397
4072
2086
6007
11173
44572
15655
278
738
20560
16817
4999
5845
4280
46643
19297
10200
89699
13705
57066
49870
66505
17849
13528
40135
99067
31831
10723
32060
69044
30527
46349
94257
18570
48541
79568
59
87135
72596
12760
27077
18782
8396
20573
31807
49789
60693
31836
8928
18255
20472
16140
12061
57357
19921
12324
90966
9883
46491
65471
60291
65229
16865
43365
29129
36
61539
18386
16755
10378
14182
18580
28771
8291
31205
484
99077
27412
41172
21465
25005
76443
30290
57030
33799
23273
70396
34913
39570
10593
53413
28669
9765
64716
6102
63448
34158
2338
12773
3406
3846
788
30099
11699
109
328
4562
8311
19681
75187
33611
8263
25572
36730
124
64669
3258
2599
53672
58692
35245
28340
16951
3711
616
56149
43865
4407
14705
21141
13338
35812
74922
33609
6692
54790
2574
1176
3042
48845
33284
34858
9345
61717
40071
10555
82407
4000
18404
7409
2053
62211
7130
72233
37
28276
45402
55641
28130
45443
12058
22318
38723
38874
24208
13888
71064
6260
20092
14427
60837
3895
10693
43411
3281
26185
49366
28762
28920
34296
17561
11855
430
53351
14677
60754
4160
46063
33394
69897
121
3684
8944
52024
70372
16611
44608
41710
26879
53609
5058
67176
13098
24520
2179
4907
23192
29294
3041
45261
35265
41374
77890
5868
27971
11608
74767
40485
2199
6266
18532
57609
16297
62746
59382
50344
29351
22914
1754
42674
73769
2768
28926
1795
25906
22705
749
26925
33285
60165
34294
21843
45765
48815
15179
14573
62264
2437
75432
83855
33191
21535
93033
17086
24760
6884
5114
67422
763
1138
45317
12473
6072
83109
58736
23277
59166
31397
23909
6933
511
6286
43622
21581
50375
99904
14716
56853
7686
89183
6620
18507
921
375
5295
41429
21962
67375
41805
91909
32226
39713
77380
15203
28456
90012
28038
3114
11595
50807
3076
40476
1768
5229
28789
3519
3658
179
18776
43974
64464
6276
7307
71132
68560
8414
9587
26728
4125
54322
71679
24821
37924
38133
18590
77534
15542
18872
2003
62497
4326
17571
33549
1628
18079
5685
2091
60666
1422
16422
16629
4751
29531
70156
75876
38822
28962
22425
18884
38491
65855
38004
15165
22446
66483
13448
84932
28808
41739
41096
3266
8024
4425
33747
655
45844
36841
6097
21052
33747
46315
17911
4529
39314
10757
22538
18948
1360
17699
61653
9055
4883
59643
4459
19918
12490
48350
52189
42412
14145
30793
600
38435
58345
80761
29855
50677
8215
57366
54168
52149
8213
4965
18215
16087
22500
83965
481
1665
22680
55829
29019
92108
68305
24086
63984
55260
85197
4368
12385
49962
16618
5051
14926
74455
59444
65872
4214
37907
43387
64
4974
62514
2268
31366
23959
16626
7511
1542
34641
12637
49866
62861
56018
6961
47063
40426
134
3543
39081
13326
6348
28693
1871
11127
26194
17286
8257
15703
38985
4045
36288
11094
54903
55047
60675
49055
6461
1744
38779
80222
34571
74252
12986
53103
10539
15686
88828
48571
24582
18963
13783
56266
469
32827
70737
1281
3102
30578
10710
34988
81044
44905
1002
54047
2987
42281
23584
13837
5094
6563
28724
37601
3276
80043
13747
86108
73018
22655
7453
13431
28808
49574
20973
16270
64674
6514
4897
60705
42942
17932
5721
20843
81774
37483
5397
3934
461
1838
66072
25176
32108
79194
7649
35879
44508
12382
34487
9661
15741
5713
29829
57252
57610
5967
2739
45449
83359
22510
3193
96455
4361
15773
436
47352
24050
72397
20371
14320
46472
29568
10028
2821
22500
4620
1289
46752
11234
32630
16301
11741
17189
55594
88113
6264
22681
77992
35857
3507
16032
3695
8861
27110
1207
19524
59263
61015
15395
12938
90488
56477
1707
70268
2616
25573
4646
15132
37792
36173
13917
55226
54995
25224
25021
15980
15072
33597
93657
18547
10
23345
24467
6854
29023
11772
43104
10712
8860
14464
12294
5998
10847
55375
17103
48450
21140
10450
98229
76575
5695
4301
51227
9238
17626
62718
49332
53291
3579
60583
51333
32923
18967
83613
23707
15846
2123
71347
13667
4272
24704
18217
5805
7576
41000
62676
20681
20449
16286
5965
9070
42397
31732
43842
26357
1808
2195
53334
70222
45002
17445
4415
44746
2136
19313
17069
52710
35210
62091
18594
97976
8767
70895
6291
6731
51185
22424
37437
86957
5608
10449
53556
82430
15354
12978
3505
30024
10881
41707
24666
17342
61676
14245
12153
29351
13047
12055
45699
46659
49056
44697
5506
57914
17341
31015
49087
7442
58522
76071
11667
1091
52036
18105
57227
78427
2678
683
42999
53634
22424
11677
8430
67362
46957
2521
458
12052
88150
61349
1557
13529
43499
2699
1385
26208
7501
16324
8871
24265
82750
26097
15780
17028
33739
60817
12324
5481
7383
63442
49557
7575
43578
27699
31109
11258
24973
17334
11294
10480
832
12691
78582
47134
7808
10426
67653
16317
3466
19405
45267
6616
47868
41611
33765
767
7307
304
7400
14106
15253
1286
8531
182
47839
2181
74995
24499
37750
53583
51610
12534
58324
52461
61443
67695
16491
22053
63070
17301
76902
813
15038
72705
37618
65134
2061
53321
42694
1105
4453
62606
81557
1705
13784
25836
20765
79924
60269
20438
7380
63241
16303
36131
22026
69260
59483
43975
5500
15028
2828
6609
2322
867
7852
57688
30904
46266
28747
7006
11850
18107
43495
18688
46592
3946
19848
91417
68405
19286
55190
19822
1170
54501
19803
20518
22557
47091
3353
65319
44563
46417
3256
1979
25437
45993
45298
59486
23884
26875
7074
9867
74493
10154
11920
28405
13605
4317
33257
1264
93191
7707
6535
58860
42997
33385
4017
37407
73058
66659
7954
38173
51601
4865
931
3710
89096
51923
54820
17012
9709
6817
14326
39409
29430
43555
8361
21556
57213
7
19088
41516
8490
33806
29746
20259
43036
16299
51894
32839
11947
65515
38462
99104
26434
16411
69947
65694
12069
3416
48196
14551
12478
27023
9460
23497
30942
63299
66252
4358
22927
26976
12401
75708
37966
2270
24382
20850
14973
41314
11046
31834
118
87243
2225
6861
20383
12183
16087
6597
11468
4101
21672
47288
7400
22294
24953
53838
15214
5351
56037
58889
8010
1431
56683
6140
31180
14439
3236
4690
3057
35572
1380
34398
1209
45495
21461
3866
14406
18845
35469
37477
58358
51701
6561
33588
2664
14310
8662
20919
20632
59924
56744
36933
23646
76419
33390
50587
45395
43219
57282
39519
24167
27201
48037
85369
36330
165
27166
3894
32
48405
20936
1699
27938
29991
48513
2003
40390
9800
50581
56271
17277
64928
48938
6655
1327
19577
33659
17714
1445
32154
9286
3500
55926
7276
31890
25647
49603
84865
10112
66604
30191
42236
32809
323
61577
93745
19177
11296
13291
25126
9381
80420
29923
72340
33048
63347
24714
8701
40769
11093
10197
45767
9194
19575
31829
28505
2430
14733
45299
17840
240
73309
25255
5254
55599
2926
3721
37792
18559
4892
3163
47711
459
24945
35761
33398
43583
11716
27168
49266
78047
4442
19617
23255
40106
56241
68817
8730
46988
69437
45063
14238
92431
740
253
7458
9446
3021
3503
89496
40217
20466
34816
3116
24081
48945
36630
22297
19182
58269
12790
26461
4174
56889
28023
88365
26218
55406
62407
6719
292
13571
41708
62169
38977
40784
42060
3534
39809
37630
19267
71168
46141
22042
62228
29375
17084
24604
40080
16568
24624
63538
3193
51682
62700
31333
43242
38085
7685
415
71445
15395
34653
3653
46882
20622
52808
79982
79927
10195
63
13072
15045
43034
3012
16239
31312
27238
26407
22140
26281
11004
9020
24523
81638
13136
48133
14450
9115
14065
35932
3397
39201
24543
43157
6843
9793
35267
12863
17831
97604
5912
2048
37996
4191
39858
51920
51591
18686
2920
56953
5074
51152
54139
3336
76998
8128
60
66520
26182
26642
72274
56243
112
27224
31666
2891
57908
55961
38051
31011
1333
50990
55750
13832
13230
10553
58890
55914
52903
12265
35619
63619
7224
12318
15907
11344
127
8418
32560
894
46514
45415
88910
19
49706
3025
31729
9037
1030
8419
37966
85199
32846
10940
13717
94459
28327
14144
10395
6034
19579
13063
10086
34928
14481
29686
80728
49960
58204
44003
19837
91511
30509
59884
54227
39218
80710
44625
4622
41543
76380
21724
43196
30253
2241
23776
5457
20480
44047
84168
60855
367
84378
23418
4778
8587
11100
4363
25107
68892
3961
6337
686
11993
46185
8475
4523
20439
36658
42252
10837
34265
58781
3686
26329
5887
26490
6316
3949
7968
42607
10251
37070
5934
3625
9390
32611
20096
44183
27768
25358
88366
7894
969
6591
4954
1279
4030
33230
46990
71971
17941
33866
23484
34202
11094
27621
70168
36415
49892
12942
24276
46554
4770
12490
6147
20109
12607
34849
85362
38668
20508
32588
29337
61103
19358
7541
19253
49678
24387
6081
57335
24857
71934
88834
23477
70296
8032
65233
3540
25277
33165
1857
42418
12861
39002
38722
13320
33589
54584
17438
18051
30044
33444
22749
3392
10330
54107
17966
85104
16714
38555
2762
657
52852
70662
28295
14654
32002
30894
18514
18445
65132
77546
23900
9183
56165
11171
35868
71384
9744
3001
75876
5583
79697
41050
16546
2022
15316
17938
3827
39114
3771
30757
9791
8771
11440
66536
22888
19777
15626
66603
25409
27517
25332
38576
58036
29545
8223
92847
58464
9657
13126
36100
33654
13796
13270
34715
13852
5070
1006
57221
14433
77471
24410
21484
77440
2955
15819
48339
35257
42225
29238
60704
60860
1350
8421
9168
47875
2948
13485
2654
28550
11909
15434
83197
23002
24147
3458
17794
3370
1428
69663
3159
47643
29387
67
27540
85857
1359
1775
5177
60030
72680
25267
55478
32552
14576
12919
9316
11184
39208
8486
17494
19706
48509
56255
3640
22407
86066
81126
6220
23660
46560
2966
78844
27880
7962
29589
5413
60528
2010
88903
96483
40860
37260
6548
2971
19315
13692
4847
2065
42422
894
32531
3534
314
26158
12386
58074
1248
22379
41364
58704
14093
30722
36329
98098
32712
24513
34421
25
90580
15468
30411
40521
10231
12463
1093
11197
26606
5197
38037
4746
35521
64189
680
8230
23427
71764
15675
18815
9534
6150
1398
11145
50405
24881
316
13810
6011
65418
44319
80007
18862
4329
14159
54243
12152
53734
46152
36151
5345
448
24388
49636
56425
8978
42727
10517
25240
1943
81762
19881
40947
11384
57616
24474
6969
74664
34948
46877
21285
2876
13395
69194
29430
55532
20658
30465
11929
10506
29590
15313
7106
27941
51810
14626
33636
89838
24036
38319
22600
14247
79981
12641
2525
39883
2091
3681
4747
762
65099
30457
73077
3695
23316
51294
5473
49495
9989
14553
440
11695
11523
57265
4251
8904
78945
2721
5748
21699
8689
32986
43972
752
1
23718
20501
6270
465
138
22353
15045
14981
39433
36468
74682
32826
11563
42581
8891
148
120
53483
2985
3760
53541
6679
31279
22598
21253
12874
4781
4380
15544
10598
30535
51456
49915
78488
1661
23867
51441
2776
6012
19337
13987
35419
7105
87897
49880
11708
423
49590
6929
828
5538
10792
18559
36772
19048
394
3165
30982
27798
3100
66896
8495
1851
30274
29760
44767
83795
29832
45905
3012
17316
55796
26717
33345
21886
43373
20349
26264
8866
31114
81134
34455
60893
50554
96784
1986
6375
6472
9819
33937
53556
20922
25808
34320
13023
37885
2552
12967
9356
57663
7905
58186
346
8816
1874
79936
7784
6231
24343
40497
71785
43736
73286
4548
7498
11797
37246
3740
25708
7382
9877
48962
67754
3701
47789
9635
26267
7658
9375
62666
38876
43504
20133
2716
5717
55734
62231
19757
17402
5813
1777
20650
7917
1070
67022
1411
16321
1398
47439
42740
17484
6939
5017
43535
2541
6225
6123
66841
31043
7194
19804
56183
8527
26745
53488
3151
3901
1175
3791
11703
14059
52058
8294
22118
44728
94342
694
31186
71343
39111
72108
8381
19853
78658
37871
2721
334
79348
8474
76922
2483
29447
703
87908
24191
35721
28340
8059
82193
5688
32209
49519
46077
11953
34879
22843
7049
38951
22507
47798
39617
26502
15225
21206
284
3627
3641
31402
90009
5480
15544
13808
4127
71221
36046
21998
30292
25
31742
27685
2109
3476
4415
77314
14523
64386
14074
3823
21780
46779
4310
3836
1595
1484
1363
43725
71898
4434
2687
1608
16232
5361
384
11196
1742
16253
14353
25545
48037
59542
1647
9574
54107
92636
15203
12257
81071
5879
50430
10570
440
65113
50829
38238
24013
20966
1109
22849
30528
3704
4381
35023
35566
64359
10087
7447
7221
36782
30109
27771
20234
18040
29807
16967
35496
26815
38014
2546
15491
93224
6533
30974
25975
59226
677
4497
62698
29943
86910
31336
43936
58546
10072
410
88342
7234
38598
10080
39696
2354
34686
25154
71349
13317
28661
50364
28920
4117
557
26391
32555
2501
9063
4658
42999
10273
69793
50560
1774
2863
46377
33393
16263
98997
10641
8086
27196
22661
84035
31224
1002
16138
13261
1620
23152
1566
1127
87726
20508
72337
10068
12006
1511
28077
17349
52082
15444
58575
8451
65792
117
11153
1388
65345
1635
44761
4111
7403
29417
16118
11842
62664
27398
21085
1238
8427
13807
17803
14361
6759
24075
6993
1257
12300
32467
82657
43544
1130
11058
3910
8555
11005
28449
80314
32614
4565
44464
34540
92807
63826
50114
70307
79524
8680
730
17507
62869
70690
45920
10581
25771
2374
3123
510
32685
6717
3924
31307
25488
12577
40884
16301
43798
5165
3597
54633
8934
7657
5465
8706
97248
38757
8575
7174
16642
6107
33847
76590
32452
34801
10590
38850
21308
3548
2736
2417
1619
36343
14386
26050
49418
14104
654
39613
40411
36594
24324
51536
24267
21021
2846
4255
39806
684
72250
15036
24635
14500
86394
96921
7980
64675
17468
30546
66571
23116
71053
49161
27726
15515
12394
15660
20919
22142
30593
23833
60187
3979
17594
18134
36913
46093
82109
84778
7715
16245
28153
44156
43719
38188
10216
9000
29018
26281
21083
5796
11239
13890
16478
29209
17525
26151
48558
75724
241
6249
51484
43012
40842
1778
38234
48469
336
17613
20873
26556
1372
47797
33205
39776
51171
5104
12849
39504
1210
67660
28605
19170
48203
73105
20434
23257
70
13961
2075
17959
4011
3137
44663
60767
7530
21026
938
3428
31920
22225
5659
8699
110
56036
651
25366
64519
12417
50110
76849
52948
10039
13621
4678
9685
5569
305
21818
10822
31565
18197
6077
7117
58185
104
6998
3524
19579
72583
9420
3398
9790
2954
43649
15491
71373
49322
45629
73759
26736
62011
6295
8172
8287
1504
18213
75298
12646
24820
21648
68147
24217
2180
6301
691
14856
82073
17837
15564
302
14651
27359
6827
13357
33347
1890
56490
48070
12857
25267
1020
12460
40654
378
27825
66032
30602
14424
13694
17802
3458
29624
97020
9431
63939
2612
67239
94
5213
5812
7835
5461
33081
504
51189
15587
21578
5333
14717
24014
21563
11509
291
26551
48299
63239
44857
13627
9438
28415
5275
205
51874
34876
50659
1242
13019
27542
40689
769
2980
57557
19608
30737
44794
19942
13100
85300
34951
44520
14808
6803
1812
28190
6153
90388
11218
2127
3309
33531
54075
53967
10187
19279
3479
40336
31973
3594
22248
61825
4610
12855
992
3005
68397
58318
41209
2073
50640
229
269
62970
7947
10415
51920
6230
24757
26520
31805
38294
36205
22647
58942
29493
20804
25700
5393
5939
9726
35739
37730
5789
26710
83466
40660
27581
55168
28582
16352
13712
10587
21097
57881
56377
47631
38591
28929
37323
34961
20500
75758
26864
72134
26348
639
64438
5125
6136
73260
883
33516
49127
7442
51520
5164
6443
24262
248
4047
19874
16659
12458
20111
27846
87686
11444
38458
25699
16762
9681
17856
24718
72645
26837
69827
16169
32936
6195
130
5069
25171
39228
15169
43603
25010
2870
2813
43498
9017
10483
18182
24127
16980
4970
3952
18684
22343
41627
17513
9576
20182
690
36208
51072
50245
3286
45269
65210
17483
10566
54974
6617
1041
5591
3450
42496
7092
6486
48661
43015
91362
35585
46807
10033
17279
9885
51093
6089
10546
29158
42752
71010
23855
34529
15080
29561
92113
5655
6288
74425
90868
3826
34931
13615
26064
79982
4527
74102
13751
24091
41481
2549
18535
99163
35736
65923
10757
17869
79207
6390
25292
43921
45709
3228
91317
15892
21224
50544
68304
15920
8655
47162
14592
55846
36460
37193
22129
33513
26831
6776
20006
18478
33728
32020
34230
19380
9787
869
16769
667
34341
85132
18709
2655
39518
11201
50908
17992
14231
16171
54152
33837
41749
6572
49574
26760
599
8296
10892
25766
45835
12878
60979
24831
13575
2216
97920
70913
6220
29265
31026
1684
70694
657
3512
43063
12506
4257
20354
15445
78981
7058
13112
46873
74375
20007
31769
36684
60129
23378
3006
26751
21211
45695
73538
18535
19846
285
45540
22146
4166
11229
24502
95369
47844
18945
9328
75097
24037
88864
679
987
4180
94492
3563
21768
96245
20192
60233
19296
39014
35111
51962
28
9811
9
7387
29940
1925
193
62436
48711
10378
4258
7693
17387
42309
40545
11275
59304
4563
25645
12068
29444
31845
41137
5975
76131
56993
4524
22360
3943
9339
15574
13675
4315
59059
8899
1798
1689
21910
20672
70848
9529
180
6567
56821
5092
23245
71553
20615
13104
16344
20050
90360
16149
3370
513
59041
16165
18583
36556
2547
27363
17035
75093
5971
31801
3108
48194
69230
5725
53508
5912
14222
278
21187
58739
37118
11502
53994
39170
40074
33849
98182
43887
75178
7392
16276
79397
24817
43519
63
12942
45359
1191
180
36652
80908
9880
40965
18803
55138
5138
8989
30024
19845
30640
71363
16512
32290
19222
61671
31202
35766
16109
1426
48871
28085
824
46848
53607
27697
23205
16368
83821
66331
68910
76616
21963
22919
62752
48974
22452
29723
24321
13646
30859
13248
59178
42394
23404
66406
34856
7780
29254
13575
5222
6823
3241
17062
9086
39406
339
21560
27411
6234
19373
89615
1473
9314
71429
28427
50222
57812
41747
1017
10078
21363
2298
34987
25519
776
17004
10243
45345
73046
17983
18637
26563
18266
11520
11698
261
12374
17592
1010
35747
12933
15746
36505
38876
5639
36022
8909
14719
6368
9558
74949
8474
12779
4072
19461
2859
607
42438
53375
10671
21547
33961
44241
2821
73993
634
41812
4201
23248
43009
4465
13758
1699
765
28796
43924
22029
4144
12990
67022
24986
18724
60843
13997
10926
28596
27597
13224
1257
13108
27237
5284
6851
58521
33499
40988
72024
26972
46475
16571
26020
13317
90182
2794
9509
7534
18046
1072
17024
7112
77978
10533
8425
27524
62379
30172
1522
60136
12612
2790
24558
35178
12166
1712
39119
22456
68257
40941
74033
3479
29777
47032
5002
34203
43505
8239
76996
48517
4659
13441
49069
87615
47606
33215
46931
11455
8788
83875
41214
67426
25151
24264
923
45236
21973
7967
6042
40651
17375
57498
3215
15680
4083
496
30837
7641
46287
2650
15686
27383
32874
2050
1165
50239
6834
11301
6748
61815
39484
53202
73968
9542
60588
40386
10255
1853
74401
4214
59472
13764
54886
56
9379
7072
13745
39724
67581
36375
26984
24902
13045
29992
1231
15858
336
24550
61297
40448
23364
9804
25968
2539
97343
37564
26476
56756
65373
4145
39275
44776
22361
22850
9179
7862
55246
16683
10040
72988
70660
51022
2173
9226
15117
4394
38775
51563
65932
78219
20530
36464
19367
8002
7549
10165
24921
46069
19690
17663
34479
27544
75619
65106
181
14959
11023
49586
35224
19291
61389
11200
71905
20179
39927
61916
33248
10047
73733
2602
55959
15436
55148
20638
9721
1655
23527
12861
360
13013
3657
77200
6801
11278
46243
11063
16279
28937
25061
2042
24386
2294
33364
16794
55076
43497
31010
8004
31699
36553
81324
18336
41790
11523
24521
44150
1125
52635
14337
3194
67088
885
20160
32449
12175
30079
30026
10847
35514
10898
63730
19897
4286
11560
32502
11373
34456
11137
36459
19616
52773
7550
9536
1550
15087
42604
12190
10764
54209
12554
5665
8042
32406
27529
8827
33500
26856
491
3747
27855
9503
26281
22449
49330
18177
75639
28742
760
43357
29663
72851
10763
4380
13178
31528
60667
17719
63452
12174
24448
7309
34140
1252
6604
2975
42514
28116
6023
86380
30211
56988
1254
42067
38640
9779
96796
10313
16975
69158
49757
74363
87802
3044
4695
5490
62660
9473
19713
24824
2620
7907
40903
20026
18516
16306
24203
22130
12639
561
29231
82751
74886
23969
7080
3493
25158
4344
11063
5372
23346
63184
18735
36659
84908
745
1688
23401
47209
2669
1745
66669
38512
50608
408
3072
20374
74953
50189
5166
4027
96706
7598
3514
6162
61649
8899
9456
2849
50309
41440
39277
23600
41142
9186
7850
37339
4371
17160
5641
9899
59222
81379
37209
2700
17748
72876
23488
4330
32411
47328
26831
64703
39604
43315
23706
6326
6724
59314
80834
69532
34528
5529
33850
32861
5464
10704
2773
43806
14047
78310
80770
32244
14343
29282
22429
1839
16272
4308
76670
61451
38213
3693
63716
5759
1117
74174
27105
26855
104
6763
1259
1609
25635
33128
5218
33645
550
7639
29458
60142
429
1563
42489
27717
37280
52200
12479
39704
73522
4184
45496
70483
76147
29680
7014
39567
14449
86726
26657
61302
11729
17846
85830
66829
18147
83829
20729
979
18497
25147
35618
6469
52024
1214
22594
29757
1145
70787
27581
13075
39225
2776
24443
1402
60567
100
10405
10968
7260
6450
66104
31233
60374
14661
87956
87846
14111
63569
92483
77535
35815
76988
35705
13791
64857
20878
45661
20472
39292
23345
8564
39640
12079
6383
23768
23733
38819
67108
1687
18942
12512
38237
29767
41997
32219
4498
720
41968
5160
24467
19380
21085
16297
44249
6954
35866
62134
17337
8713
98240
9700
50136
3180
9201
2675
67436
72116
31561
6739
68796
68108
23790
369
28009
9243
841
28803
49524
899
49506
5734
3255
16568
35821
22050
17798
50321
10801
31742
13032
95485
37429
14529
13968
21584
11651
54655
9161
30335
96131
12867
12278
3487
8637
26621
64248
19432
2859
64260
39661
87019
22821
9717
37180
52775
2275
59194
26809
18869
23383
53862
55752
20691
2677
59218
1416
91100
6559
3296
39148
29496
13463
16278
6889
28982
31534
56349
87940
32522
32582
23147
16069
27021
1343
72671
1382
12735
37857
48346
75710
13735
217
36899
4178
3482
11826
15993
2732
9773
34169
1696
54689
31107
28641
46672
45760
14401
1076
3465
82068
20800
74551
40550
2874
590
49620
6085
4619
787
21170
53208
13185
1706
1108
28978
3843
95284
14274
25996
869
28513
10388
70530
5086
12741
8023
9879
4836
702
12028
10129
55175
11965
7618
33649
19486
8319
568
37467
66584
35602
20605
533
26571
28360
55261
2743
41542
3749
827
7851
25145
23439
9582
11183
53598
500
51991
59573
8415
3778
50979
30817
2517
62068
29835
10265
90510
35210
15399
10794
6662
10009
68217
26726
29855
30806
3648
75997
13039
65751
86575
20440
11293
5910
11638
71794
2939
15024
95528
758
67488
447
58267
57992
95630
49104
3333
11972
2318
7394
9990
49682
5869
27314
33819
50971
71782
24650
48940
32299
13470
44104
36126
414
48516
287
61002
6551
42923
68731
34022
10180
18612
53687
49385
14546
65583
1665
49587
80556
61646
3308
1192
46356
10170
10651
5988
11000
17255
1928
26121
55218
8769
42326
29095
2104
61977
41936
10063
42347
30298
1257
71273
35230
7239
19948
13923
5211
44786
3181
23119
12006
13314
80485
9512
14889
69638
36176
4176
18848
64949
97613
19073
8794
8367
10660
8751
47303
23816
20863
10129
4100
6074
27129
17775
18145
20631
11609
5310
40613
1873
14123
12541
14304
19716
25635
28755
32584
35413
60837
33213
3894
30418
8744
9283
12209
21827
35293
11905
34689
26611
32422
3395
19464
3086
21632
50528
58990
77782
73735
18390
18554
3461
53142
26035
24113
56082
32528
1707
54551
22138
30823
46082
9886
4000
23662
145
11325
1961
268
52706
40873
53162
19460
3139
23049
52306
2768
40362
2388
283
70663
26436
4671
26077
853
6330
26189
501
45058
7685
6024
15991
61060
53818
52271
16713
30245
27005
25064
44638
44992
2038
11121
65037
11254
15321
24009
59463
10060
21215
10944
39817
23381
16337
1152
54625
5923
59008
20030
43500
3863
52240
65517
716
30442
40574
23587
22905
9545
33224
25655
9484
25553
28381
25787
27003
1149
12237
16222
2660
13650
8329
1937
50645
53349
304
1571
823
48404
4100
17109
16408
5275
6181
6161
21349
75655
9846
12867
1412
8115
2935
54518
94600
30057
66140
9471
49091
15246
3829
16232
821
49121
90283
14154
64229
58870
7745
55198
39728
3958
21786
39327
2183
23309
19798
15413
50147
780
65579
18434
2522
2265
11367
13080
712
5479
4603
3548
137
3123
1373
5897
141
29918
17188
14536
61982
54045
838
11202
6501
16801
48509
15236
2523
37348
36629
65146
18820
57210
31918
53566
12862
9197
6161
6848
40787
8930
58103
79012
82443
21821
22272
7653
631
31605
1395
71280
40890
43425
43256
47838
37979
8165
52876
16925
67810
70492
77235
23420
3156
24896
826
29477
847
1814
29758
24413
11194
33398
42869
11757
31858
55546
40259
18124
1596
15863
86809
11765
1455
36285
41946
56490
86321
24490
2474
2537
23609
17309
69742
66652
32547
57141
57889
2757
11151
10651
17539
21310
30549
36429
25089
838
16742
34775
29218
7579
45293
68073
44834
38542
508
10724
13484
2662
52777
80280
62125
973
2023
22999
3659
29102
6461
87724
14539
2338
87446
43584
34484
5930
42005
45698
7966
9325
4577
12355
13611
15675
10027
59886
99003
2315
30610
12303
39187
1269
44745
27972
66406
11582
254
15569
2602
39057
2463
18862
68878
38527
1498
3320
1674
71323
44345
35711
13510
49882
48486
14687
25016
13180
5676
53833
58683
18150
12936
117
83355
69945
5836
18343
72113
55205
12002
47473
70511
19667
58791
32458
1030
10412
28537
11966
9216
58193
4924
7603
1856
21982
44676
20414
32006
9081
13321
33753
5935
5932
18493
16365
1899
5635
16440
48615
13002
14563
56432
40772
23814
38877
65275
3776
3001
53489
47905
34549
22605
33211
45400
1786
8567
30959
57802
12691
31236
16044
7937
2962
89823
299
26068
28796
3467
566
46989
32843
73264
1474
27920
11220
59988
14751
56325
17559
7720
46436
23276
12550
17968
82987
769
9230
21119
14915
47299
3921
14732
15010
14709
33227
45801
16834
57935
9952
40202
8114
78985
8031
19853
59287
24263
15248
36575
7419
49197
40815
9148
37653
56182
21520
12868
14220
23818
31612
11575
83737
43662
67096
35215
9662
5622
30289
6070
3251
8
6582
15272
40340
25418
10282
28425
1096
9531
28325
13737
6924
27585
8691
133
25232
11722
56763
54837
15528
13116
13704
32827
3161
21908
22145
32909
2127
9460
27502
4714
17489
2596
12036
21904
45353
22448
3176
70499
43822
15340
40917
36704
46312
4930
53133
417
7800
44297
61140
46932
38993
9245
38181
28527
1219
54958
14665
36744
590
16044
51263
67887
43127
5564
3592
13
395
25528
5416
89790
57220
30559
24749
26413
66061
15337
8204
1162
88422
357
36320
32876
10579
51065
2850
10232
22104
10927
6038
33359
3971
27354
922
146
69755
77412
22294
20670
1769
5657
4995
40633
25769
5540
12028
7897
2384
10111
20493
4909
30879
5872
16968
29233
4152
10733
32462
2841
1503
935
58909
19996
20627
39433
24658
64601
24163
16182
60523
9883
59619
9693
37136
9873
24021
1371
8844
23447
55272
1153
2223
510
6477
14170
13246
6344
9587
7802
3587
6430
65543
1135
31427
19507
4016
55168
89644
10489
39768
50225
3314
1967
80072
15460
43183
75162
46057
68044
56571
27834
12903
5996
16140
25308
33970
27610
26393
38202
20651
87534
76696
40081
52166
2442
95758
4092
78806
29726
47962
32065
21652
11818
3336
25228
32270
57026
7344
18270
24119
12330
60916
40
20720
12416
10258
11480
8996
42476
80412
44592
1805
6794
6586
14701
7494
3623
14194
20038
15864
23430
35433
10570
8799
19451
36195
41166
1625
52698
4616
31475
3108
29748
68715
27551
7427
2832
8077
15513
3516
70958
16957
60917
22492
19391
54669
3084
6100
3598
37462
44203
7198
37908
5429
3775
5868
54528
15666
26757
53581
66059
29033
2343
5108
23854
7986
4941
9966
15519
50967
37299
5737
1202
35582
74464
37912
5894
42127
54908
32633
58638
15153
55326
43769
5626
37188
5463
10695
36092
1325
27231
9772
29102
61857
4288
85522
62159
2248
33280
22169
1479
62572
57234
9670
32806
60692
28228
9902
24465
78386
40667
25247
20591
49860
25732
4014
3396
64654
51777
13474
24545
25061
14512
31349
15946
606
6341
51861
78324
21102
3471
56102
24632
340
49960
22344
71317
10862
33465
14094
2696
47494
89388
585
53995
1850
86769
57409
8741
99869
78264
86
25651
3906
37808
26497
6451
62261
76472
8220
15941
57210
84
3345
20560
10665
13980
19654
5651
2666
10718
40591
3078
15456
70448
47093
15488
28988
23483
14350
26237
6863
99884
27973
3931
10703
1378
32260
29834
20798
69271
30549
86650
50991
178
17178
2036
7050
35956
6788
1160
18578
53634
8844
36813
4660
33677
25039
15017
15510
54447
53214
42258
23627
31254
5963
6652
29222
5839
6387
38161
2299
57179
6681
39431
2103
11121
67264
43237
14478
72599
41516
3174
6864
60798
35577
12754
5038
10629
4848
11255
68637
2508
64890
53807
83743
53421
15215
52449
41920
3860
4401
25591
41440
46918
52741
7683
1287
37711
2093
23121
4652
56525
3139
60069
2389
7610
10580
2318
8946
1304
98371
19349
13162
20971
28340
68841
32177
1219
46936
23245
33739
7460
16784
20635
31338
7580
22482
18806
3288
47760
16327
36161
45589
37533
44628
1380
19463
18629
43955
18621
55070
67698
38500
69074
68870
30324
14529
17694
72112
31312
15472
28295
37716
15111
19843
59316
12066
691
104
2784
75610
7129
9629
17118
43577
65717
25093
44424
43652
7264
9202
235
5983
41660
22813
27850
5990
47861
19812
23960
14905
43118
7404
17667
49600
1914
694
22325
1031
23868
50944
22320
42466
53424
2511
11598
270
21462
82933
20014
13230
16871
19831
16425
4683
1794
6068
89888
6451
12678
25359
7304
3974
6363
984
69402
96
49295
1957
4181
8890
19750
20424
27367
64873
4173
81971
49785
66210
55613
60244
372
11491
578
95726
71761
55161
4489
9092
85027
52980
17952
4030
27836
90834
48725
7489
2353
36352
61917
823
46300
74130
35148
28456
2051
1511
5180
22849
18697
1
13238
57706
65422
2187
71745
33603
42271
2276
1395
87495
3404
16413
9046
39136
25321
19440
41624
16184
28043
60403
89
21919
31048
22138
12936
6881
61882
6602
12297
5324
19323
6299
75527
5455
69325
10459
4414
39096
1611
11764
10024
4826
63003
9983
9667
78640
50911
15541
34377
26160
13802
42027
25897
960
5592
2078
2689
4138
1769
16357
5464
1258
42769
1351
24590
3977
15466
64228
566
3271
45128
20600
49707
7706
22029
20709
1840
21436
9507
1517
1762
13583
14735
5798
39369
20553
89456
22394
12526
22583
69643
52147
32125
28043
39138
13559
2911
11312
18689
8079
22319
23266
5654
1286
5297
5839
69245
10836
3091
5540
4988
26634
25607
19881
17606
16234
92807
17809
68749
880
25445
12484
702
749
20936
2584
22655
27599
102
2640
3645
10755
3080
59877
49932
3112
61798
10066
65184
21043
2029
90097
34985
46657
23861
6098
8185
3758
5645
29769
42232
55161
46729
11157
201
17624
1778
414
54102
40810
22880
39070
14265
12195
28693
55586
47469
47633
59395
98651
2067
4087
16764
45099
36790
34429
22013
3398
37794
7788
120
53724
88895
1768
25020
23970
18448
14653
31887
3562
17371
40456
16366
3003
291
1825
29834
57712
46004
40527
92410
12693
10412
18692
52246
31413
4242
2929
26963
23962
14954
42948
20381
2348
3556
35047
16299
944
38659
2034
14807
41926
7044
13912
35353
17659
4509
53291
13409
11315
6093
42795
51093
40581
38248
36176
13522
11703
13862
154
70376
13243
9285
38121
58745
4675
54378
4988
8273
57507
48939
37245
6024
3679
17579
38585
16020
8752
47765
17160
15071
56478
12132
67126
93623
32725
41010
16260
30285
11305
17484
29321
17471
454
2983
70859
44929
297
57804
65503
22188
17258
48215
17096
497
33571
35594
26753
13873
48399
3985
11886
10843
9034
89087
43146
41542
5120
37469
25578
25309
62140
30266
36607
35033
96097
28712
2899
17522
11265
1929
66101
786
13422
5588
42612
13410
20708
60253
3124
59889
37274
27929
60082
4647
52376
47646
1339
17538
46063
38395
39412
5961
4934
1792
15894
13023
6080
9379
9663
9184
5327
15860
3971
46
10759
580
38992
260
20246
6975
29559
17546
26771
12221
41484
20708
18304
30100
11879
64707
22126
1953
2173
69971
20387
20308
17284
25154
85979
10296
1469
19347
17247
75452
1340
571
15547
14301
67561
29230
49050
17849
9381
21821
14564
53289
52792
16340
40319
90214
29865
4468
403
80815
41370
27280
21548
4610
18813
69822
16372
15337
36817
10356
24374
3348
28363
33483
50389
83096
14062
70658
43075
450
56998
28837
58996
835
31777
18396
6067
51866
1406
20087
27336
13186
80576
17766
6562
23350
77746
45535
58287
20367
28205
9202
65174
50216
67061
67555
8330
8980
18639
31679
544
71383
36209
36972
57503
71420
80904
7071
85057
43963
88998
18912
33533
48395
23616
47512
34135
6048
43629
22498
12373
7968
54848
4108
6404
25661
37453
54925
86825
11394
37291
29957
82257
56306
76709
2963
18685
18351
30599
7497
1061
16716
26906
58445
25546
46926
6143
35370
14974
90660
2617
46288
2282
33678
9051
2495
25518
7847
79081
22270
54496
24113
69791
41523
46882
7578
11938
425
47919
12903
13369
47522
8849
18091
36865
56824
57502
78836
41034
5690
628
94817
6042
85901
22343
2390
55543
39337
9545
999
32370
6127
57043
16578
1827
76666
3650
14675
43131
24745
86403
26357
83935
5049
3824
26173
6844
10712
28172
4009
66505
15888
21238
30649
32089
25376
40463
45365
3226
27
18953
23430
59835
36520
97978
2350
24222
650
39648
64921
41323
12247
49652
4087
12595
27880
33706
32960
7591
29266
32805
1904
15530
10283
17752
23201
33961
16345
3860
3073
3581
17631
78291
3712
8452
15078
9493
41318
19979
20897
14098
12794
4133
18183
9841
22788
24777
72461
51039
83878
6131
31571
48298
20110
5522
10084
234
311
20691
1811
16228
44114
3212
11544
55092
7923
16238
57417
39650
13211
33473
11427
38204
8379
4264
80002
3494
6588
19317
9513
6144
2584
24863
44909
550
2741
5933
35262
2650
61190
2119
61411
49406
1118
40371
56547
23355
734
11270
76244
16363
4183
7175
43004
60346
27515
19384
14008
14677
16149
3391
17245
25548
23931
29770
36682
8101
161
9305
1921
23091
15752
90034
34192
47835
1141
2223
93608
7292
38608
17293
43451
87391
40353
7156
59671
42743
30612
11903
18581
39421
84076
2218
3154
40145
69151
30084
2741
90990
27522
13524
30462
12586
1957
82435
17
27855
1498
4558
13136
73584
1824
3556
74712
4218
20057
6333
20183
18501
470
15307
910
251
27649
296
46191
4186
46061
6251
25094
32391
12172
330
37099
10687
22401
11269
1398
48432
6979
32316
40273
1468
16848
37474
48720
47944
11389
378
71402
76809
18496
96440
54285
42452
22436
10615
18419
8943
4387
79590
90935
23578
1582
10147
30390
2573
8127
8456
38782
6800
27518
27757
12115
29223
34766
29912
70617
42218
1409
5991
38578
58358
13871
3330
35373
37598
23911
20499
32503
35853
47299
8699
58358
75556
30552
36324
40623
4833
27215
42705
5789
38697
37443
47156
19329
30601
6585
87
9244
1115
315
8459
5900
974
39097
17127
13657
22671
69539
30036
26025
33085
48443
87637
57362
16681
1342
12925
80565
3624
308
25946
70019
73262
20938
6458
94355
66292
82008
51129
29091
33279
2227
2240
3428
28544
262
80204
84915
53225
39410
8186
15330
43952
62357
42294
22087
12103
29912
73206
4608
35386
16925
21177
92529
3737
7506
17809
35504
16405
1515
15570
6275
3427
45524
3981
3264
67123
9019
33326
18026
25473
21290
59576
74866
8119
26434
1910
16700
56517
33258
39274
8523
34860
28594
27901
57959
36432
25343
793
2238
37280
74672
407
1990
24775
17809
45728
2384
48413
220
56276
23167
41037
11673
16853
47450
91141
453
13868
85958
3305
14178
18503
64373
44375
6496
33932
94738
5140
2946
52475
46732
46694
31136
47283
26359
19454
55389
6156
22841
59189
13190
39581
11338
34180
9396
18730
40850
67225
4270
73941
10489
19373
1027
35930
7025
3915
1047
3506
19300
43273
17843
38118
63236
73748
6247
9791
48040
34026
1800
3896
12766
81239
28992
12429
490
20063
84038
12491
3393
1666
373
3046
44720
12436
3534
21667
24986
69381
73194
58560
718
50723
2297
52146
33622
10073
55382
9982
70344
42514
21114
40775
37920
1599
19229
47484
11
12843
3788
6766
16736
28816
2316
709
89945
15638
65679
65464
73178
23527
5923
14090
72466
77935
54299
20328
7752
6325
70317
20922
83834
29950
68472
13159
1270
58722
72065
33791
3964
11332
38744
42797
20416
34801
42105
8377
5631
58783
2271
45159
5204
3924
2992
8299
5348
10908
8982
10072
44987
39209
1377
25992
17438
13348
18119
26527
60929
38832
22862
22096
10440
14591
70285
2682
28913
67018
8551
47873
8559
14134
44280
33609
3237
16785
42014
15175
3997
46484
6958
10172
94915
36870
11480
20949
7215
9903
22551
25908
66155
28813
78259
3964
38517
31824
520
40520
4509
17160
18729
1665
6335
94807
3332
9137
28322
11839
51363
40081
5792
3486
54685
14684
13997
50530
92877
3811
19730
42521
48881
49690
23818
1010
13044
22651
2179
34537
40910
21292
58896
21540
2621
13460
26827
8748
40364
9793
65881
62162
66761
47469
68612
43350
18304
9267
32480
43434
43489
10503
16163
24320
12165
13701
15949
18570
28967
75210
2866
3897
80037
38269
17115
356
6016
21482
16488
15619
25035
55463
42782
32227
43802
25625
19957
38654
20471
50869
17808
58738
217
36791
43653
28756
5283
44878
74163
15691
29203
3995
7557
40083
3343
6440
2575
6745
33693
51015
89433
4862
55511
9002
78776
2928
21709
7404
48599
1167
6386
37440
83613
72274
55893
17093
27222
60933
1070
9763
84386
22184
51887
3556
7461
80624
13786
35199
135
48129
20167
37388
51953
22460
17823
2346
30080
48113
12926
19075
18552
16493
23272
815
8837
35075
63169
8082
71329
330
3145
2138
38
11829
36402
44823
42552
21654
25884
41929
63245
12729
15698
7985
7420
42885
8762
26666
51958
15115
55515
64893
8642
3679
39391
2444
59182
8055
675
56429
1136
1242
8445
2692
12734
41100
16900
3828
64639
23584
670
74969
73175
37913
74426
11302
32867
86133
10535
28990
4546
57813
4834
39074
55446
17882
22607
21684
67929
2285
52104
23018
28559
18385
10772
48240
963
17625
36359
2535
55097
55405
26345
47811
18348
10302
43027
7234
32659
5461
15773
2099
299
32604
25045
419
52844
7133
74604
9431
26863
13562
42014
21881
22422
29251
80873
5787
12270
21591
35361
80227
35431
79018
12666
55661
7851
8589
12033
27663
9526
4320
15980
19479
25008
5462
41309
6636
187
12426
21808
2463
28163
38023
25730
42525
7699
35863
6149
56587
25016
35143
21011
35847
5116
31160
6417
22898
74225
27646
29173
1635
20113
32655
66906
43083
1045
16251
26768
12500
16532
40301
26475
40614
68414
3445
28877
5867
62931
42301
47716
25396
10298
28259
13279
17505
82842
70972
2590
30493
46327
2504
20965
30515
8158
39401
35973
819
9343
20842
42006
13440
48643
5422
1067
15470
18687
10039
20645
27336
53700
57737
38366
85920
5553
6973
23046
34070
48273
33862
9140
44499
14873
2777
708
11603
20764
888
31316
60356
20133
7367
88461
30063
34903
16281
72386
56422
10904
15394
29289
4783
2738
9772
26745
20925
34936
3896
47179
270
389
68207
486
60747
27569
44764
21537
14953
33069
72097
2951
58695
14214
61547
2474
19347
67937
79213
11208
5132
29861
10918
1322
17996
9025
3341
58770
9452
23337
170
61966
36686
5088
13012
13953
22172
767
37261
57394
3578
29465
24686
27276
13299
6302
218
54904
80796
21167
38337
135
24992
35647
24178
30763
23368
17520
13821
23794
53528
15387
18982
53266
29296
8818
24387
14948
20012
4481
9871
77208
260
77372
17636
29745
47098
43489
8425
15854
17209
11042
27722
175
17157
72451
29625
27737
12386
35862
891
243
40433
6970
80530
12719
7511
32382
38481
14745
17481
36654
87335
17504
9683
9250
45232
24860
15372
1250
9436
21812
11956
3033
2274
49381
1855
5000
640
5397
1128
24267
7543
6217
5065
36179
57265
36500
10879
535
89837
69375
41444
22775
15164
13289
56855
34959
35938
20144
48800
38015
54588
44199
41279
12984
13647
42121
201
8896
29459
39596
2008
34589
17711
33034
15705
2191
6844
63811
4703
31926
46993
1464
6699
27864
32951
25568
20649
61726
94349
288
6058
25816
8293
5340
8282
42026
34653
11145
23689
34698
1551
56769
18684
17563
34112
6356
1606
41646
1941
85385
22471
6504
52746
6772
12420
61036
20842
23979
17381
12175
61837
42893
18271
15534
34158
11478
680
13407
59812
17161
5238
32788
2151
7853
3527
39987
19360
30861
51250
22761
2400
8237
82481
19916
39979
61348
10644
2737
24853
5703
53138
4071
57246
10759
71682
29721
98692
26973
50926
16338
55710
2787
74173
71844
77836
43202
2031
21598
4904
18839
22387
77420
15839
16677
11374
68859
6952
88027
9743
34266
28858
77
5602
19848
6951
38908
1809
17227
46250
20633
5566
43519
21637
65111
46437
26380
14202
9267
936
3557
40757
21664
12180
7931
61941
78577
63005
81130
12381
8159
62829
79763
20654
18540
12245
78517
6973
11742
1451
39450
30671
1920
3261
976
7520
13304
218
21392
23584
17939
61
48483
23007
10140
8165
2157
82595
15
73649
18004
21834
15632
8468
40014
19193
14436
2417
13942
23540
46292
80253
5181
60861
30462
5080
17171
85613
14650
34919
32084
13308
8310
40445
45326
67628
5634
4777
1413
27099
28844
9039
28933
47997
16941
59621
34286
19403
12970
11889
16722
17231
34705
4634
43574
12260
7818
45560
30135
87251
6515
23166
46637
626
27187
3701
13827
60047
61543
4089
43608
906
7623
24385
1851
3167
16685
19473
4335
26614
69253
23052
2881
47166
21503
16861
28060
83835
7128
63014
28635
13714
43941
40867
1323
3178
4589
3192
1529
57793
23404
9971
31501
71716
13035
9120
15522
28477
52106
13156
452
90683
5425
49881
18478
4132
20609
7167
14566
7163
5291
17010
24407
26239
59915
886
3534
1798
50189
42675
17331
17795
15614
22804
2242
64921
3709
31877
23314
15140
4352
9027
1662
34569
78525
69015
16059
34665
4925
59852
8063
23752
70274
75638
35451
31790
20879
11416
6669
55190
4287
28288
10942
8580
23405
26863
73496
16694
1896
28919
42772
4719
17844
66790
219
16684
17611
30348
23632
18069
29319
58754
42216
3241
838
52853
74068
6796
16725
34525
5246
197
13281
3011
31810
23639
28026
44149
67805
1967
1358
1202
37961
43502
44601
7278
1974
19651
62852
35557
26332
2844
12843
17597
1320
5065
11413
18866
84214
13451
68812
6452
53268
54080
35162
33552
6758
19224
16947
1620
87855
47721
17329
604
27046
26562
614
10810
53497
64526
19195
18751
18096
12218
16274
69305
21333
24082
23432
4649
90997
7179
96976
972
4309
53041
33131
86493
1453
16311
36994
3653
24359
18160
157
29541
19526
71902
577
45431
15496
830
12263
63399
23495
21638
33934
35269
1900
2090
19507
32070
5363
71453
72329
12437
80610
14000
1639
10894
45185
23711
56091
56560
65777
94110
61040
70021
40956
42655
35606
33050
110
8454
11290
39834
26090
29338
4492
20250
38507
5918
35662
28942
48538
19405
22732
13133
47993
4634
40834
27643
35320
29389
28291
6979
76422
6512
36382
2764
193
4244
18581
6395
9286
8272
21105
9583
1033
24934
12980
7573
84882
432
17920
9460
19894
8421
31481
37550
16545
29711
3909
42485
63001
49566
33210
19909
3176
48167
9797
43569
14037
37678
13728
33234
8297
56034
16740
29661
81620
68853
5539
27908
3710
53589
3547
8883
27785
6028
99772
33580
38910
22069
44463
21813
50053
10371
965
686
67707
1148
10689
70641
41122
13218
17495
4671
50848
51762
18985
28174
2024
988
19417
55744
11048
1413
24892
45051
5017
477
2430
10862
45652
6797
20959
6406
9028
17281
11821
10792
16
80622
15209
20777
51328
74117
14588
3574
10023
37393
12615
15720
378
76658
63847
17226
1734
44842
8002
10561
45470
6362
14516
14596
5282
4903
40480
36860
18197
1935
1597
17223
48027
26426
430
7632
66213
83063
70963
64604
66045
50281
21945
73416
51499
63218
3098
33667
25628
17001
43438
20702
14815
54192
5807
13634
17490
3622
5368
32554
64703
42427
18894
3195
4492
57722
4857
51086
6644
38753
1762
20429
23858
12176
5069
4447
5514
22361
8180
5595
37960
25141
68124
37221
25791
7288
1173
31760
87218
17794
46450
2999
83018
16713
6198
85781
1322
9418
106
51471
5743
55708
66014
68104
54523
10256
19339
9287
44954
7034
255
22375
256
33117
4783
36889
25593
1635
56333
243
18994
17549
17327
421
7470
7697
26054
12818
23421
14482
37612
1714
1995
43652
35296
41233
6042
56081
1465
35021
4592
6755
51491
33543
8906
53215
60836
11334
4268
41707
672
14824
153
67694
64830
8585
50271
20036
3135
3238
37592
55891
9393
66377
55231
54623
52304
28218
80857
27546
39054
19065
21282
23404
24497
83346
29705
37163
17920
14896
9143
17592
2278
21840
19787
42682
2982
56375
327
42875
54485
10372
65470
6498
7204
25753
89712
17768
26480
291
63165
16398
40358
16621
40327
19058
1635
766
37696
94033
39451
26954
6722
14933
68531
24197
42095
26957
20236
16863
51790
8478
25374
19080
3888
18519
16083
68545
43358
40806
27292
15626
12583
2610
27742
39483
28331
2527
8422
4046
41477
13928
4979
62577
34643
23358
72754
11636
2694
2209
11959
41683
3794
15257
38506
50534
17327
3255
20204
82106
3526
45183
36099
13910
31041
30306
18248
6710
35358
16378
4502
1370
16450
19677
3441
49393
57826
8831
686
84051
3073
10730
550
69697
16130
2241
15994
44168
32039
41511
272
2403
39164
48415
31092
36107
4743
2692
4998
68719
22035
19048
37853
74990
4944
25853
35745
2053
15850
9055
49782
65703
42447
15585
21154
115
17425
11653
40284
6310
68451
68205
6675
4988
30054
10957
28697
26013
26763
48431
7459
5672
47409
26307
8272
783
53844
4046
818
36073
36094
17868
1820
61206
155
42533
29082
4182
1
370
31821
156
5223
2527
26973
19230
51040
27165
51735
7095
10953
53525
98226
36899
57928
33131
49353
14227
27777
16296
32523
57692
40935
61072
4699
9249
27358
2866
23597
64073
38209
5162
43766
26379
58727
23678
1108
3539
58106
263
5632
3774
67314
15777
1862
32562
12653
72925
10707
46116
28200
41115
3289
10826
6059
5719
18239
33028
69337
15991
10779
15254
5103
8727
7747
28251
54121
15425
18489
71929
46343
11180
38375
13595
30023
78470
59988
80327
10892
36820
5955
40532
1588
58764
3632
44327
85769
85065
8529
37836
29745
43880
40161
22926
63780
30275
13306
12543
57221
20597
9838
43
798
17578
7108
43401
390
21648
30636
13367
9872
1551
5563
8743
40861
36223
16864
15509
28055
11709
19813
16536
42827
645
1221
44878
13787
2329
45211
563
3124
38206
1326
52755
11368
9125
64348
7213
7084
59281
8495
70443
555
54121
517
1779
9044
74654
35797
1527
18616
17934
67162
16741
14140
16328
21881
1501
49826
26300
4644
34732
1843
12759
7324
10863
6418
2598
11926
8237
291
14305
12975
1097
65295
5918
13117
3626
2830
670
39735
6800
61050
14172
5499
50391
16517
13657
17387
43122
21122
16444
9824
9874
24658
13029
604
31220
5966
7673
92148
14195
110
2560
41588
13022
32512
27009
25347
48914
17633
20381
13534
6622
1494
608
34467
2122
53377
29188
2774
50437
33193
33404
47138
16931
25043
53062
20445
23600
38552
39411
28743
37337
30969
9428
19681
1506
19383
20908
18197
16836
26557
14695
31893
60670
36616
81797
14446
86521
19539
4607
17943
16653
37404
13375
19600
11192
32152
33889
84270
14624
73040
6072
27654
4411
29627
77241
9530
669
10413
5530
2356
36535
52338
41028
51488
94074
29783
9900
19308
65073
31993
69738
7150
11586
36224
3950
5049
13821
5502
36683
10750
22320
41572
12641
48664
35581
5926
15563
6143
86709
88896
9436
2772
53748
3855
18367
27906
21791
39478
64372
33095
5722
61
39889
23638
80741
8281
30746
2837
38303
52935
5218
63548
11859
547
5140
19377
12405
38802
4515
1904
14347
11332
4427
8620
87502
6333
44084
551
30818
6970
10154
91493
59926
32976
55656
7403
32392
86695
48184
3195
11231
28755
5207
47757
96521
1984
38607
70983
8084
27533
1905
2250
10287
47277
24723
5117
11365
6960
52735
26808
37529
9267
12568
24024
8291
3521
40481
6557
1895
7404
16489
27530
34652
23898
3677
80351
49535
60177
74382
25799
8308
18001
45747
90632
25455
27230
68948
1998
7900
37762
25285
3865
6406
405
43569
40221
19812
6832
82848
18281
36507
20798
33017
25442
576
78686
9852
5996
4499
15699
5006
77558
3275
5208
24041
36098
4926
52819
8328
24398
45671
13371
12434
28929
7580
43526
15122
2759
35893
341
35755
8257
1681
7339
26187
77166
5852
1071
1474
83721
15333
23743
34785
8968
10071
22795
10364
71907
5528
27218
4386
48851
20616
67827
45012
65746
26733
22322
10271
36552
29344
18595
13767
5980
31613
33288
3153
63556
17121
11794
17308
5452
41327
3347
33034
38805
11232
51582
29783
11138
35911
27267
37238
35585
30448
55303
17824
22193
33275
2244
19992
24122
9887
7513
80827
55414
62970
48246
4235
15133
35161
2595
37824
2421
73052
22672
40099
75573
26752
10311
1062
4914
30049
24658
60078
12002
3765
1257
423
82424
833
67543
21740
48117
1846
1042
66246
105
7591
38693
5962
92786
24938
28889
35530
17378
21347
2261
73641
44810
48275
5489
67612
568
11026
15973
86132
7610
4590
901
7957
44391
63815
2263
56431
9394
21368
21896
64150
51377
72021
34225
50120
21712
22825
59935
24306
79115
95292
53089
45068
24696
78549
52183
42417
4864
32818
5703
16021
12527
31514
1562
18071
25385
18687
4509
4577
35514
47869
44542
14180
33652
1401
27503
29053
6916
11131
38448
3038
97839
1733
9837
5205
3097
96016
1897
53336
77696
30737
47913
350
16230
46208
38287
54257
32754
1857
55671
47901
16320
12866
35
89284
46261
75079
31430
35793
22166
12732
5181
1056
29827
7228
25335
15348
6480
32105
49634
10728
7814
1261
79609
6649
4942
7302
83
70440
8494
18936
20184
1922
1634
6750
18276
29768
3354
17312
82446
24365
27963
5301
59373
13560
3516
18030
31197
33593
26594
18467
31697
82855
12592
57319
7225
13454
62840
69279
90207
11533
8929
11680
4979
28616
78332
5696
12378
1123
21064
51392
40359
6892
31486
21073
90364
19239
8157
3441
17776
14323
3392
18499
63894
27827
51691
32463
82274
43031
13001
27986
5278
37023
46838
808
8923
28733
85809
7035
4217
22235
8920
16418
1288
11113
60562
27800
19413
18045
16810
1245
11991
21456
4857
7665
92610
4979
41435
55852
57507
21520
8472
19285
22904
23129
3310
43363
39462
20253
46928
27078
42645
35413
10968
29212
44038
14198
41440
25174
17781
24280
81454
22668
10247
11095
16424
7572
22997
9073
12935
84504
1230
1665
16726
6744
53125
26243
2090
15169
98554
11101
23346
25165
41876
995
26566
78
11457
32446
24041
8229
18429
82595
46501
1031
27900
22017
4261
21245
34092
1479
15956
83979
3440
5848
5618
2921
88691
18585
5180
2976
7440
3433
20331
23132
93851
68071
7584
49253
73908
39773
2850
9146
80428
69137
42647
11851
59900
25915
328
42524
11643
23261
12412
8386
11619
62685
31837
14785
17719
1216
18597
46176
26111
20821
39225
68
8270
12120
47604
17230
40404
28144
14608
69672
30124
36993
20338
17999
482
13567
1494
20941
2379
33522
11607
52043
33574
9482
18672
14577
16263
30373
12075
5847
38012
3460
12689
19048
5015
115
6339
28264
14084
18040
4533
5046
2228
46347
12506
139
54007
56112
7800
24451
55833
11204
1547
30022
35326
7209
2271
63333
50102
25573
53980
22569
65057
11084
36778
1772
4785
7731
32902
35948
6329
7608
4962
49890
31362
10776
13215
68042
30573
13548
61554
20268
43195
9340
914
3143
9441
2792
2442
67364
7509
75726
16732
3362
12762
43050
68899
42954
77743
19073
4601
7090
46123
17848
33296
2863
12938
37309
64846
12168
57033
3038
62678
20311
5670
61825
54377
21434
50723
40
32131
17689
14060
68019
688
63292
7316
14844
26231
90558
10530
39118
9251
1837
37487
14072
45390
20829
70278
20892
17401
92501
729
46219
13530
11978
24522
71724
16045
4587
3111
1824
60376
845
438
14211
12453
62398
4288
50224
23
29048
11211
34578
76418
30988
44887
2546
6697
73483
29496
30445
15755
38303
4427
6133
20806
62237
3807
16494
870
30841
35116
165
16240
33497
45599
21999
65125
9622
5919
93379
75096
70335
22369
14794
44080
2769
6101
8859
84
36457
23552
4125
46716
21121
52537
5759
8500
38743
2874
7678
51277
364
49572
11911
38222
74443
18993
305
18507
27963
45257
3319
16527
6230
54196
80695
516
54395
10504
57163
60397
14662
19359
29860
31755
7808
32949
62292
15037
34206
42641
25504
5939
71914
17013
14945
71428
8191
58027
54955
9416
9035
32481
25997
22438
5971
2164
2143
18112
934
8576
4643
4316
27162
16030
40540
5372
73544
31255
633
22047
54010
85891
35673
28998
24066
77739
48584
997
25325
12139
78354
56940
870
63141
83787
19788
47599
69511
30197
24558
2433
18398
17198
5819
622
4514
34401
30073
9440
11861
8353
47363
39997
44825
849
29094
8226
65027
23148
11479
29
8128
30674
33257
248
50743
3848
17555
23807
36725
34886
62945
19524
68601
31560
14873
15732
45662
13964
4617
6334
593
6072
6425
36738
21220
48801
62386
61061
47338
29329
46488
133
36130
46100
1442
20947
15353
3807
80266
87963
22602
38937
12840
4879
39163
46052
15867
6507
42782
13121
38096
8440
40844
2052
7697
13134
4053
38684
11912
43017
8653
68805
6945
2572
35282
7244
39567
36967
44590
11596
20306
41059
15308
18635
43819
9791
80404
85105
33247
43747
33976
993
9301
26319
58422
85683
7651
4130
38590
3834
1572
9095
3486
7317
40624
32398
43158
25872
28454
3847
10985
1035
3259
87183
64836
20021
58693
2316
23919
52865
58137
90151
26345
26107
26054
5038
9741
63197
5423
14475
73183
23278
18279
21610
26544
28628
38926
3312
4667
59319
16048
6687
62304
1042
30663
19513
27765
9967
25657
1755
34704
23905
29426
94191
2229
26889
76127
11031
60932
82695
79645
31209
40019
65503
50328
14465
18758
83718
7417
9993
22147
34882
22250
25178
28517
52457
20781
10238
13706
11908
38933
9491
14624
30145
13425
11855
27758
600
46032
3272
41257
2493
6035
27289
10740
64953
4349
64939
18317
19835
6845
34829
10795
4600
14445
46044
79337
74023
30558
28182
55301
7159
5387
10944
6218
46233
52448
9756
3467
2569
4573
4758
1088
7251
7489
68394
12391
65174
8661
31812
6235
36971
33649
18609
6403
43087
7440
4557
21092
55350
2910
35727
21150
32616
75293
906
34084
41761
16212
1167
53771
4164
1711
52382
4308
10427
31629
15567
18817
4803
4129
11558
2935
12197
14677
10695
310
35976
58776
2481
455
23185
64111
29490
21671
27700
17194
758
38615
6949
68167
2747
27983
47649
44908
21289
876
476
19546
37610
89855
28056
87048
59108
52749
76525
3439
48090
60329
22998
21332
10132
2509
3503
3178
11497
8724
61482
1012
4486
15742
21842
6677
82227
9010
89723
14736
67018
12486
45765
15590
17301
56412
3480
13552
27951
20320
18183
29486
3994
76787
54015
14554
17930
7621
77250
9652
11340
38057
1477
48256
22003
574
2427
1688
3110
21174
80041
54807
10277
86862
60
26039
2112
19364
5101
58564
6179
1852
85491
46911
47126
17153
5122
12221
21104
13262
45820
64475
20992
21119
46120
1951
19186
3742
7322
5224
6469
26859
54613
2065
32505
38541
76979
27250
88446
12695
40056
26735
32147
59295
30887
3916
65193
8056
11059
3885
5698
37344
85610
9545
5328
90382
19106
25640
46876
4930
60621
6990
92100
28489
595
5250
4659
37343
18991
18065
37643
2726
54028
9869
8390
28107
17713
8137
7943
32031
23845
14471
32523
79228
6429
77789
18569
29158
31438
5723
11787
7424
8161
1816
42406
2656
21861
19951
5318
10210
32642
26005
373
33820
5216
10104
15843
4090
4051
21554
71831
60356
1976
64623
6505
10811
8511
43590
1630
26992
9835
20557
11480
9212
55935
16013
65914
3372
21071
39998
19490
1536
36881
9437
15912
2765
32298
28863
10078
10412
50773
9585
11060
5701
3991
19614
14222
66220
3856
35314
15436
24346
4087
17954
2219
8443
17847
35300
15485
10708
29861
7097
13542
17045
30924
37646
62399
6295
57183
7434
9387
23008
65723
3338
56486
57226
19869
4810
10105
8880
18342
224
4451
16836
1924
49399
30720
18051
11478
27729
34842
46020
7940
10799
11180
1393
31831
59908
59785
36095
82844
4737
21015
48308
42329
19771
29601
42953
20733
78144
71454
5140
34304
5640
44740
390
5637
40567
16471
313
322
52699
19752
61426
12314
12737
14719
13346
10489
21692
31854
1519
57460
25595
26393
59342
21651
2330
1266
1300
9096
88692
57514
14539
5171
19302
64413
3497
84712
11384
421
4781
46542
50904
4282
5690
38120
12951
25451
41171
22432
13386
4214
16396
27242
10218
51776
88993
29198
51928
33022
35967
18070
11248
96538
14408
37304
23868
3026
5054
59605
17
16827
46400
92276
15719
62185
2709
30597
31393
15627
70882
7173
27392
47358
23170
29578
38579
85044
18765
16433
32695
1928
930
34216
6922
21634
24458
7032
64372
12816
38352
49421
3996
19288
1594
82284
51638
4506
19241
40211
7767
74311
27591
16270
4520
8655
6640
74500
48068
2237
41302
42868
4450
337
5935
34794
12630
50810
9984
2499
61107
5756
6163
14205
43334
18540
43375
2080
79085
5812
2541
2284
39435
15279
42673
10966
3236
42668
3214
5606
17799
9353
71139
64247
39415
7134
3638
85569
20599
7372
7528
70327
13203
14109
38416
29360
335
35457
3041
34581
18938
7694
48747
2493
27885
56147
30663
15976
55068
7397
21555
22552
19
20193
8449
85413
926
51947
16064
47081
43158
24249
213
1652
55494
8093
17623
36188
756
17713
47103
1389
20465
24119
18977
6780
5918
33166
13531
53647
6542
14699
3710
24710
65276
19753
14980
25222
40086
2627
1937
16052
38
489
1922
56704
32729
21859
59662
22267
6058
13889
20809
23655
55825
16918
35028
4293
7159
10621
6620
7118
2318
8755
26944
20161
8069
48686
34129
21490
4778
1454
25654
5483
38592
23516
43668
1773
17592
11705
63593
6571
16844
26033
22716
37982
10839
15894
45230
87752
37324
4380
4907
47961
11580
30761
26797
3905
4039
2898
83623
7327
43770
59638
54847
15786
2752
7340
14456
24987
1817
51193
1894
8696
70154
46727
22813
84853
72075
48341
4995
13310
52584
3380
67250
809
35242
23102
849
29678
3681
3518
13769
1761
25989
6831
5457
2520
19811
57777
38006
414
6589
34377
3872
36652
37554
6143
8616
67275
2377
57
37173
3106
49713
57462
2303
20805
7691
81
17083
2511
30083
42169
11897
8692
8848
59994
95162
8854
15624
67630
20100
997
38265
74117
51041
26195
55733
690
28834
4642
65838
2947
18552
77640
31938
146
1346
28033
2115
31462
34731
29071
63203
33482
13229
9153
23738
11755
19865
230
28499
10660
3227
36395
24056
35650
6326
16584
9970
18594
7252
3140
3892
41244
62262
921
15561
5211
1252
70587
11731
6537
16851
40
36565
7082
1107
73094
3705
8911
10246
1411
11497
11574
33921
26206
18516
78
19436
30446
4381
37511
43877
6582
72371
7962
33788
17852
2560
9235
2614
6458
5218
63378
3883
6208
52087
45222
51513
6772
61433
85652
80393
24887
4757
56386
680
41047
51903
7930
1830
73257
13776
5511
14991
95332
62946
36895
5444
4044
11547
46049
28991
19436
11135
4313
64952
637
9077
28630
3711
65041
40986
46490
39959
40886
35865
530
58638
57624
47398
29725
16865
26975
27421
6542
16572
15301
15401
737
42921
95151
67958
9600
1714
38794
12820
47855
26787
5169
81004
35730
2898
400
27397
20922
30261
78314
21351
55317
2996
11282
16267
44429
26866
18453
18370
27166
28768
15119
1670
7736
8703
26036
16466
24298
51465
13516
16067
2935
36712
13293
27449
9544
2593
21085
13868
10228
54666
1892
35887
2949
73915
53184
10863
19409
12478
85561
55043
42954
2448
3714
3526
20874
73837
1864
42539
33134
12948
52415
4836
47604
33488
9741
58917
61191
25222
15358
5411
8068
369
6883
51292
14460
44650
58381
89848
5972
23560
5437
2820
15994
62463
3392
23509
79387
22053
7681
94560
26422
9857
27989
22758
2124
21710
26114
850
25154
20049
20647
1358
43205
43607
26385
9997
81528
27709
438
78615
480
78129
59536
11337
41904
65157
47184
184
12460
14764
37055
12022
2509
15882
39282
6039
921
694
921
855
47957
26610
3429
42654
21125
24852
10643
47468
58984
29769
17084
22028
83093
43855
65744
171
7851
10389
32762
14292
51582
9143
45573
6926
4044
51777
3111
4383
77573
23293
27529
30107
322
97514
26526
30807
54307
7833
14188
5998
17257
684
18683
28934
751
23312
11529
1781
7908
9781
59061
538
12126
272
9561
70184
19724
16891
62338
58360
56421
26362
33332
40857
42464
13148
1702
714
47273
83177
22109
38591
646
33110
25838
19808
17250
9261
13681
12291
59184
3151
18251
8572
8500
84028
35377
68235
98925
46801
32254
53047
137
10448
14781
1740
38485
31162
31243
400
20001
77973
420
82941
37518
27702
41542
47340
46295
8128
22392
23423
21734
6409
17106
4382
4920
14158
2310
66640
19383
69180
58190
1497
3316
21792
120
66645
74913
80005
12529
888
9885
8670
32567
27461
17618
63510
73941
53428
33618
4063
5887
21489
224
22918
47623
20150
52583
931
43864
2626
28278
2593
1337
16786
59057
17965
50283
365
18450
14026
26976
81359
85401
721
89259
3807
10815
11776
59918
76370
1474
61095
32663
6717
28451
1380
75652
14816
33171
13504
95653
47071
40766
46357
19280
2485
10399
61200
16760
29210
76351
70030
34776
4839
86130
49171
41031
49417
2128
22789
62031
2832
38337
32270
57519
2310
35923
47039
44243
76671
24734
55548
44988
68541
22580
50755
16176
12942
2046
17312
4745
61
67399
72261
19096
56974
39363
62315
70763
467
12026
2103
54969
43927
19246
45595
76477
17779
14893
43460
26895
263
24121
3501
5687
46122
45103
57112
28054
376
22271
34050
23173
53558
10763
5832
19989
25196
31373
5624
3681
13089
27658
14881
3473
87
55029
13403
65734
61193
2632
28966
34724
40035
627
53439
16412
4988
17744
18129
7329
28374
8565
26683
26971
9974
15020
5263
52388
9299
13034
15359
9558
5330
35795
75068
65035
24912
8840
21297
20565
13070
71663
56266
19221
36754
22208
37374
79227
19392
60089
17172
14597
30805
15354
10365
15756
84785
50511
2192
81897
18803
980
5268
4401
24345
11654
67490
828
12336
14052
9363
75683
66406
7228
17765
26583
94720
9941
51624
30157
92868
68401
82250
23237
43120
60438
72675
70651
15672
36895
14268
17829
28637
47764
31737
24459
4183
33009
12512
32840
38914
75471
34092
8919
12045
11296
23934
9778
3416
5660
7153
28942
4902
25870
10418
11531
25882
21151
37548
77528
32900
3341
7943
32112
46530
11238
23263
7165
9380
58132
65693
8797
87150
5503
22104
72523
81028
69314
42836
27176
28105
4809
307
28562
52476
22579
42683
77460
34442
758
7630
3549
53670
20978
1762
35484
4944
21272
3189
10945
34108
41947
47333
34527
35282
32775
33606
228
10017
995
53307
336
44536
44232
81206
7830
62557
68909
55893
54175
9767
2190
35308
55274
7703
20023
75258
6824
26145
20136
39858
6616
13830
13722
22799
39884
28578
25255
12969
390
64746
14359
16142
29829
21081
10692
176
15907
62278
2083
22231
56304
7640
9494
14739
50272
30606
1256
33391
21874
4787
3738
616
32599
9773
14119
9765
19
13263
15084
3294
9104
46925
14632
19860
42989
12518
424
32478
30789
14721
9182
75578
45112
11396
15023
13142
10337
48973
73754
16958
1893
18595
71624
3036
4940
12676
1118
77733
19101
44279
35816
56070
5400
53576
12692
375
56649
52434
3768
13831
32325
79452
522
409
1381
21276
38683
96058
68056
57357
76951
22007
63428
45030
6060
34064
77653
1683
61394
38624
4809
18414
7713
24477
63740
37123
26863
86612
9625
12163
18203
16011
39227
41791
722
34486
35883
2808
6546
1212
30854
16704
172
47498
58084
12821
12198
36754
81329
31921
9992
1275
33881
27580
56636
47543
6358
19225
93962
12558
21692
9684
51390
23563
23529
58848
40
34440
9783
1616
131
42594
68912
91590
33609
36304
13
22695
1786
503
42512
41107
13876
12091
14793
65311
7208
7822
94292
3887
716
1261
30071
28070
6337
1749
16878
75098
31343
2931
61778
26440
2104
52504
23338
32681
53719
61312
40061
4489
6810
583
21841
76004
80080
1238
12699
6197
34459
27644
17567
5592
4429
5381
23208
8247
41063
4990
85762
19445
32004
13076
10074
30289
1290
13845
71792
1566
30019
17964
7662
43462
25870
78113
24403
28778
9130
45846
16400
70523
12772
6064
29312
4510
3687
20823
5646
5905
9346
7638
76342
19327
29249
5801
907
5658
3528
35213
1412
36221
39777
6587
24857
34245
28158
1614
49216
12171
6055
30720
5763
29159
3531
48839
54152
39159
26087
8357
3271
38368
31130
45539
18719
41567
12609
19621
38862
63183
31041
48105
17646
92982
39692
6783
18950
7069
26549
16773
86283
90877
36230
71859
10677
68225
8119
18456
25226
25026
33191
12493
6778
98873
2433
6063
8394
11028
68087
8664
23434
64529
17178
51558
50164
8656
61726
8437
10781
4991
66901
75821
4681
20353
9701
5527
77290
21903
36648
19605
2759
5324
43336
53491
42693
1588
4106
40871
43820
40671
52497
71066
34732
2570
36792
5411
11900
47682
30312
5714
5359
36760
10077
56734
80805
81786
19815
23897
18493
75447
35596
25189
14664
455
39231
4827
23376
75794
27099
7739
69449
14127
78117
8344
20594
1180
7765
6949
266
10267
60931
15579
10446
1658
13449
867
65298
7153
20012
2601
18912
28226
66418
9684
54626
28108
10846
8070
366
71283
20418
9708
16564
3625
10123
14956
10699
6344
24225
76921
7779
15425
11483
9177
31208
53109
70200
27001
33910
21970
4522
6850
5038
41242
22619
32178
16401
32122
51551
9632
320
5595
25544
22790
302
63616
2296
17366
11399
7586
19723
868
34337
25254
13447
11358
57280
72996
10875
11754
18162
1339
4967
53168
11166
6305
58146
79082
7793
9713
10883
239
2869
26981
30827
31715
1458
1560
12628
8920
8800
89334
2357
8379
39051
1121
35778
64495
17716
6597
13246
41897
50286
3947
3878
11196
22005
28017
18694
31789
18624
19294
3088
3022
21971
29248
1846
26910
16193
874
27099
2015
25855
16408
25679
9328
41166
80516
9704
6877
30794
8102
54085
51332
6979
24451
17376
4636
95087
16153
40551
15138
50708
16250
6423
37850
56440
17125
21396
69405
297
74723
51287
4100
46279
117
29376
38433
28482
81305
8607
27349
51508
903
32505
82
49877
24938
9536
1975
7545
11343
6239
12185
34285
3627
10626
23465
27208
20742
7014
17693
38707
59290
25305
20892
95178
3647
47815
11393
8334
40634
8696
5339
6682
27335
14427
15718
1722
47632
28270
10090
5101
48284
55221
1983
57562
11839
10448
4071
38434
59656
16670
22309
2091
4684
51543
57112
15589
73164
68221
2826
23671
57350
54186
25381
64133
9475
31981
44412
12485
5032
41767
47544
41767
20103
57608
35536
21800
2994
18805
7573
16598
1915
4889
13101
54265
3434
10100
18645
33988
5222
28662
7503
10977
12194
12280
54317
242
21688
58257
7989
13294
36952
26452
51283
2383
8831
68
8643
3106
47297
73796
47910
2512
65710
63589
72670
2085
2248
27105
9304
51143
9381
42740
8298
27019
44038
28120
21762
14352
8660
7
29484
49979
10031
13153
3862
74831
19497
22882
21775
8723
10814
11265
43357
80815
15461
34903
7589
8890
14423
7760
11322
1895
52421
46352
24314
29406
1284
6257
4761
10288
55477
69085
44614
21411
64997
44977
54609
20345
69920
19529
19508
21267
10015
12324
1459
25518
33300
31156
4405
57402
22638
16856
634
5844
43703
201
13139
17972
39315
18014
10822
12489
69087
46005
5302
10537
4907
24899
2604
53071
62775
10692
24698
42300
38579
12989
77062
23397
4567
60867
14510
10457
6574
10103
25922
47284
3078
28167
4861
70444
16399
34499
21352
41139
65475
16565
20064
44705
3994
47461
19358
6037
2516
26182
341
41517
28576
6292
55197
17356
4431
11227
39686
44458
56760
10079
25212
14341
16851
3891
26597
71166
2338
69537
51465
1847
18935
30437
71501
11979
17020
11950
89
6547
46927
135
2822
39513
47089
10144
12305
2710
4301
38312
27580
7364
6546
16190
36528
4634
17694
1572
16479
17583
21200
1154
48822
1307
47895
82064
55616
36573
63356
45009
34198
81301
50822
22493
8042
63758
33124
452
55358
18752
19836
8223
63560
69465
54768
32808
42565
24009
3540
21356
27441
27749
18570
524
7711
26456
463
86263
47668
3733
7818
15094
19120
54901
2889
29447
1198
8788
14716
6055
1118
39669
178
1950
54709
7856
484
6607
4759
16344
52653
49834
24925
77032
6777
58552
5868
33561
25680
29583
3676
37464
54388
14987
64131
24857
16288
4331
79740
22653
22080
1702
20802
8816
13796
37684
24744
32
1926
32371
32512
18441
68791
4742
25369
23014
11738
21207
13880
37937
70911
5817
16202
81
4428
5850
1240
17239
3574
1884
54286
86821
48822
2068
9699
20433
60931
6626
28034
60216
10404
2439
163
9460
8747
7528
40799
2360
25586
30991
1359
2058
92248
44688
17538
155
32206
47826
26306
70103
10680
55802
1699
1053
52355
55556
16235
1076
23956
11619
4336
96591
56185
36594
50927
10524
13791
65657
31283
39780
37407
47594
52532
7737
92264
631
12148
33314
14422
8864
59233
57151
10369
91001
61307
39982
5844
36224
15588
1069
9149
20095
59737
26373
35738
60147
43101
15384
336
28398
27814
37052
1298
9400
8032
34085
6843
27510
31381
63419
21896
18538
54797
989
2284
71713
44938
48787
2113
3752
14014
2604
38827
69033
28758
14819
21464
49735
2922
26037
5907
811
249
33443
61775
13989
64099
7973
20118
33015
45339
21479
38008
11525
33610
18940
79599
53206
40528
24195
2512
23970
38972
2984
11489
24746
28139
32158
7873
10303
49047
33746
30879
33775
4954
901
59069
47691
18894
10783
51905
21048
53656
14974
1780
50476
7429
308
27797
5567
45922
900
1864
659
13020
12561
29560
36212
7438
10549
357
2604
48088
8464
13013
4960
19987
7586
4920
22644
34388
46183
6473
6468
24863
2730
78
13
55590
6688
14660
16771
1150
6376
64096
73199
23600
4761
34333
9258
25864
261
744
37307
52707
21838
79970
39256
2919
26662
64846
22184
12674
21575
2412
9650
33451
90213
27604
11903
10572
40599
4512
15341
2408
25379
38248
8797
1676
34797
7485
887
60827
14452
67986
19304
22690
19072
49750
21919
23857
13784
2257
265
44221
32790
6338
20714
566
20936
24825
46958
39125
55134
17470
31355
18031
4867
84331
36054
60991
3172
50869
5523
84498
19046
18030
20512
79470
18197
20793
107
54490
13619
59236
20999
18280
6688
30466
41317
32507
39862
33216
28972
25066
51751
14709
38455
11219
18195
16196
2190
24184
58139
46610
24525
43310
51193
34656
23069
736
50864
7471
23938
53525
453
17309
98896
8998
13009
69618
2215
28161
9927
16882
15677
63617
2432
50193
6876
10626
56516
42
2985
20310
16371
78269
16734
15113
21335
68260
1185
9654
16545
5265
80260
82
2411
24449
45364
74403
20567
15559
4894
28723
14570
21376
9662
30144
55976
13037
74360
56013
6727
74362
30970
39116
45689
77596
11672
39640
1849
18414
35494
5605
61655
92739
23656
18865
24520
4939
7893
20783
52658
15736
46882
31638
22651
24582
24036
79607
47526
958
8546
24542
62282
23162
46062
43408
211
9764
11597
33229
63467
314
77522
10018
21830
3400
36550
68236
61659
980
1403
17523
37447
81618
20325
2240
2043
31525
43788
4977
65083
23973
12451
10831
11721
2198
17529
13025
11633
12760
10630
2115
2219
324
67660
22523
2963
17557
3948
647
46500
17272
14558
41089
12799
1819
2757
65245
11502
67938
15707
41822
89383
18964
16397
30712
18915
278
3395
6827
2803
5820
31431
18661
5294
4567
25545
296
36325
58596
70836
8844
11366
53248
15392
28804
66431
47134
23867
3
17508
29662
61737
9380
20120
14362
7514
36811
32144
1095
17066
29837
71612
64196
15159
73206
2421
21474
80253
6622
23060
46533
18738
13049
53176
36192
13409
44829
1840
17474
8339
53940
39793
14820
28163
3763
3608
4387
8119
33376
33193
13579
33039
32122
27036
48734
116
87779
24088
59000
28244
13329
50950
5517
61477
16441
50685
5853
64224
59188
11231
32675
10652
7338
25796
21126
26672
46754
13954
24960
18593
3854
3788
63773
4438
10094
60463
9843
29533
3108
8737
6484
13396
18349
12649
6353
39351
21379
24892
9503
5982
15774
33102
37259
77083
26942
19818
60373
12042
1964
55143
25708
3152
27517
7649
10114
50505
5676
7800
22488
50962
8050
81840
16421
24637
9974
17271
26142
12391
36974
41085
3022
26731
15802
1200
6182
49327
51893
67839
41396
1248
23486
34937
7194
43465
11424
429
3263
6454
86332
81237
35443
18533
20409
11119
4781
22683
2483
6294
6539
572
1337
37812
656
94711
10799
11651
9618
13927
16325
6923
69398
7817
18424
35000
66767
7385
23683
19762
46986
63595
21657
13027
13935
68666
71637
14301
15031
45889
23331
14188
1035
3435
54179
3152
226
12263
57437
955
9738
5174
2088
477
26267
37003
36755
15638
2001
11640
18122
58281
29870
23041
23156
1264
12355
18532
28190
6941
32641
3329
13539
51636
66908
48747
445
51115
2186
38950
55765
7214
980
25413
37697
51295
73174
5981
28679
19140
2762
24833
3731
3
72215
372
639
6475
37750
80933
5666
7649
29506
18608
39345
74511
4152
2979
47192
61785
56119
3865
34137
44217
1282
10047
2098
17783
20010
18823
39824
67492
72926
61620
81856
11295
84
68747
10477
5430
32621
23768
45391
32526
29135
8083
3228
25963
26865
861
277
51149
15771
26479
9051
3921
50102
17702
46449
51102
7655
4507
16114
817
41588
7037
48098
57330
49652
13738
1220
33304
34023
11008
31984
13530
27751
27916
52853
24095
35602
35079
39483
61699
21492
57659
43355
63063
23379
46585
20533
5581
5395
13753
54279
32328
58326
65598
15353
7201
74426
98159
20999
85748
11707
8211
60675
9434
12310
40062
3488
20039
44821
45835
5577
12366
67246
16665
20042
14125
60361
11847
32228
11007
29257
15605
2560
81826
19140
10111
782
584
5668
65831
8683
85168
3922
14773
13575
22906
38686
21096
2457
9005
17960
3190
6568
42291
1224
13407
4360
1932
5657
11566
26687
1111
70917
14883
54926
39829
14505
62896
40490
8077
5975
33268
4829
5338
7843
47332
3394
61473
63318
8397
18171
25077
74406
353
80463
48616
48923
7093
87943
615
35604
20461
722
399
13849
86484
27855
13596
13031
76094
4964
72883
6304
5327
1284
11904
82342
9145
20567
14882
31829
4965
3950
38081
89331
4098
7094
24339
40006
35241
59748
1613
13011
19396
12216
37076
18483
59268
648
45224
16959
43256
3291
7164
54039
6604
4424
5462
6587
9640
810
31645
33492
44479
19174
15918
92
29578
70443
4094
186
85005
61262
1564
18659
25626
4227
5543
9735
1402
73983
34993
60775
17739
67326
6950
29051
25537
8075
11316
57153
53981
25987
12669
11277
48004
37662
7638
17212
57774
16130
475
19548
54248
38872
85435
6526
36338
9023
37707
10966
52808
23760
648
13249
38701
41551
4174
7526
41256
29925
44410
19474
12286
1424
10301
35585
15173
11346
15758
38798
2942
14434
21883
32
9956
6795
28314
25207
4661
73774
3788
299
53705
5186
545
54885
19364
11820
22872
4067
62797
79894
3156
95710
34016
23788
1713
46879
5378
35513
43435
31718
12873
34775
5992
67937
1290
1157
2577
21920
10922
22652
18008
63546
4260
27511
26246
4164
21429
11917
68639
13954
16956
49513
5793
6777
21207
7073
7477
12828
15362
61740
4281
26215
57290
45162
37184
13468
68924
1305
32937
12418
45488
24175
40358
41246
23498
58874
36168
28320
16724
24035
52467
18087
25466
17505
20887
16006
3044
8115
9305
24795
20174
35783
77457
22882
30923
767
41521
33529
49393
68389
1345
53332
172
6608
18078
13542
39312
7203
3810
12136
52782
47579
11418
5578
2611
9219
10795
52545
34808
45436
48826
28655
3745
27910
1542
31259
15323
5073
16757
7912
3643
27849
8134
65602
18719
31335
41106
48071
22569
737
20119
10244
23809
2187
4599
58868
4273
35543
19364
25233
4477
19355
22752
36633
43827
27392
3585
14020
1192
9547
5654
16667
28355
20176
77505
35011
32467
39027
3512
52952
13644
13623
71234
13073
7686
12107
23032
3908
10561
66144
29813
5100
1591
1191
34195
28327
24708
73025
47990
76394
26528
8553
20004
52479
61500
12224
49750
40669
617
66065
26870
4418
12556
5091
1130
82034
6482
5177
33214
18934
28495
31610
139
4524
86270
904
38772
6924
10370
359
8226
4262
46539
9338
75844
51249
32643
43210
62983
1111
33250
533
83940
9209
384
5868
50949
6098
9017
17972
22852
11246
4040
11724
82885
12337
2968
88862
629
5034
40512
11363
2831
80101
13245
44564
2101
2405
2481
85521
23279
69479
13905
60621
38125
35576
38779
56477
4386
26397
80443
4557
14046
2285
62432
1902
41683
15048
19937
37793
43993
15907
15815
48141
20321
73939
2855
30246
32456
16421
1038
49703
7851
82103
6179
8417
5142
32225
18715
12311
11367
15216
1733
3094
55868
7976
37334
15148
78055
20737
8450
3773
23171
4469
3523
22715
11006
30401
20672
777
11611
7216
10833
7788
2644
22309
61332
12544
39066
23677
11104
60296
19804
10443
60142
9790
14977
4784
1786
28202
43450
2839
44777
17047
14946
11819
13800
40196
570
36995
21933
28916
38935
42556
165
57978
54583
40340
41413
64275
24326
81119
70410
22027
42189
49424
4432
38458
12
27562
53265
13530
15103
18473
21494
62856
5098
2738
16122
85939
19768
14948
23665
69
44876
28349
5265
16989
20815
14161
2843
85886
13781
38499
49016
7720
50240
205
31705
2077
14838
12956
10957
72244
6456
68845
2135
38486
61206
806
12210
8132
5165
72926
25747
1007
7831
598
18342
2604
20187
25736
544
8683
58596
56485
73882
16296
18172
39177
31191
16780
476
8499
2504
30539
9851
8029
1392
83645
45555
12445
89503
17140
1323
24748
41694
18411
51820
76037
76317
2478
50904
3065
84848
13796
7809
53459
42513
25383
22390
59391
22030
7302
9346
49538
10030
84416
23573
50633
34421
3602
9087
5736
63785
34587
11251
8294
2986
9494
43268
19081
20419
8398
21928
24797
67069
3128
24804
84463
6383
5490
55653
6182
22587
8912
3324
12996
52559
39114
1227
10220
1737
48689
16457
7487
45704
907
17128
1627
2744
3024
17641
72741
5394
12123
36236
7895
67979
1752
23608
304
47480
34980
1565
3059
80452
51403
49245
42988
3208
6331
22879
434
14677
6568
44346
21266
10185
24979
55121
10508
15697
31911
96151
85166
24039
21400
6444
7181
49724
77218
66854
55840
31626
79439
1107
32078
356
21838
36819
10132
206
9639
266
15446
32769
66397
47555
679
8716
16072
12232
42926
47974
69710
5141
50648
6561
3863
48210
79462
11222
30101
4095
7748
25819
5951
40194
19182
88016
11479
59696
90045
3107
51587
3279
1637
582
46978
10906
69381
23210
66001
26567
6313
43412
43901
74754
6591
11991
91353
29689
43587
645
50
42052
2825
6914
9614
796
8473
49971
13526
33051
13329
2267
54737
26933
22860
46018
32790
541
48198
36299
17566
55331
980
14988
42318
3556
35191
20440
18064
44863
12946
69906
1388
5430
5168
22592
36232
49508
61276
60586
20528
10476
10644
45592
6812
7657
20991
16634
4725
7610
9613
927
2081
74562
38022
35666
27152
21204
40137
31803
16228
49520
9070
24887
68455
48487
7347
68287
1309
29084
16866
25801
39725
23532
1545
12172
62258
53233
41579
55965
15263
74659
56776
90894
15291
15574
3582
75312
1795
36471
31910
24931
15939
19359
60408
280
7166
35722
4437
28096
5644
31656
16753
47557
61992
29071
22052
28427
26584
82530
51074
26596
9372
9532
14946
3377
20266
19562
27784
9357
1294
40235
59765
4196
18741
28792
6164
4072
2654
1704
847
56792
84264
859
25881
6783
8974
4122
18403
1580
8438
28823
3033
30378
13141
11141
21466
11104
34437
14351
67722
23724
9784
4843
17655
41083
2308
9010
83905
1066
52100
48177
778
12619
6562
58576
12049
2139
6423
17607
5038
23715
19084
65381
15861
34065
9715
70583
8874
45610
16188
12819
7147
35856
5629
5561
20802
6603
8060
95233
64960
12235
1089
1541
46766
36479
95
18985
86864
5074
1620
6016
2289
4868
31682
34716
41761
52045
2271
65664
2647
8117
12072
756
35528
4947
22949
37531
15334
16836
50743
1243
55061
3403
68326
28024
10691
66934
9620
6222
17027
5249
13168
57252
28592
32042
27713
57650
54128
20351
5950
11997
1433
5648
7010
26274
58663
11092
15961
12288
34659
17868
8073
40970
12382
63928
17272
16113
52242
5116
26382
4662
34756
45611
39942
5660
22920
944
23505
33371
66515
50657
13485
31099
65852
37656
10311
1381
44116
8088
8979
32239
4856
56337
7372
25361
1902
35195
27543
23351
56512
31536
25622
8490
1395
1122
25414
71273
1952
23822
6869
19853
15923
25833
1491
9457
60763
13530
1613
23287
1078
8938
15358
34771
55383
69925
8140
23838
4875
27273
11741
23611
26501
46902
4712
4288
1660
13422
3233
1148
9390
8182
54199
12552
54321
9464
35167
29877
15100
3192
21455
1134
10023
5114
3257
51356
51170
67795
23731
55214
31397
2811
30173
54418
68453
16602
7363
51638
4945
7394
50488
60362
17398
2510
28937
15160
19884
5134
18549
3387
1105
15250
40853
43161
2659
36288
22011
29027
42717
31674
25420
39776
7608
36948
39212
24834
1401
15886
44378
2864
1752
4441
8288
275
10742
18233
39246
43745
8681
20404
30666
21931
86088
32598
31046
30611
12725
30744
32495
13917
17812
60472
601
7623
1158
50374
1256
94660
27608
3228
32682
14336
1013
44050
11657
13521
94
526
416
99004
7420
56060
69728
23439
11538
35468
16189
18586
407
4470
24930
26848
55023
25048
10699
82911
32068
46352
35560
2778
19662
7388
22600
63648
72616
22072
42071
2152
40951
14849
8566
9428
37497
36314
22552
1788
3499
46559
5092
36739
29385
15314
4010
30661
18433
86688
13361
38849
29086
1462
32472
67991
35820
28435
41130
36275
12880
63576
31648
1513
34916
80390
1006
4359
7912
26631
60322
1700
44589
12514
41906
8656
2589
59828
19771
4823
9497
31220
75976
37622
37616
32256
18380
1666
11027
29575
42743
11114
17167
30452
19129
46200
22951
590
70848
30987
1349
53308
48545
631
68440
43960
40204
1211
79644
31021
588
5163
27447
11562
5757
12346
81744
20987
8855
39658
15035
7823
9306
3990
65751
22005
35166
25910
16756
7204
48329
32191
506
5644
2898
39642
1305
841
1038
11115
7497
85357
9751
21231
15891
14528
63987
20001
475
3063
4501
38156
64044
32948
18840
71098
69563
16761
7187
26911
15506
47017
7544
36116
6839
1091
85857
2971
5309
27002
42035
14685
12094
10199
13373
36149
37334
44266
56435
34331
31959
24011
11267
1253
56734
12784
15289
8576
27678
11679
57435
48897
7975
2610
51999
32095
1858
76034
58798
1737
9394
31605
2802
30482
19140
50502
1720
1592
35707
65189
9310
24142
5441
78004
27212
9050
15316
97636
257
21075
54202
13327
19522
29109
29182
6094
23654
12168
204
37685
59329
22800
13686
20257
7769
44556
19415
49729
16743
2904
21432
61083
20574
3193
12950
63641
35924
11910
12659
16746
66745
3885
3917
32848
60676
11079
39235
52234
2898
12197
47770
7713
1011
11601
3499
9536
89153
1719
42721
57118
57375
11279
12965
387
39094
47962
2855
45592
8374
20358
5547
11899
13679
2339
17979
81466
6129
19764
58410
1123
70923
16280
89904
212
31984
70854
3039
27081
15770
57645
8520
55337
3086
69213
4147
2058
7275
49643
39434
34399
59293
65801
24260
15091
25800
12736
5565
9746
13152
62402
34041
31811
74419
302
20084
93080
9429
56457
50226
16988
5593
98107
37566
25001
3892
22756
10730
27119
6945
34664
5245
50530
41660
41064
24298
55964
5312
22788
24519
27150
1303
9269
16016
44329
30587
29075
55245
40260
74798
19253
25161
1555
12081
7298
37964
7337
60035
5197
20303
66416
35682
6146
6094
3726
718
2660
56747
11600
11479
67660
17806
37849
54808
31498
65825
10663
6157
14955
19659
83477
44248
13577
22321
18784
24451
3994
9861
50628
44798
32094
46319
68671
25754
16876
15566
451
59552
29535
31621
28550
1728
24974
22827
1208
58931
89074
69401
64084
58626
9857
3092
37377
4422
14189
33719
62322
4299
14304
14798
55162
36438
78147
15866
83145
39935
20039
31748
4802
5185
12220
1247
37125
767
1115
6661
6708
4178
63
38428
9065
46066
21096
5102
6737
75814
13685
1793
4434
683
78984
31184
21944
4212
570
67085
12762
31710
22175
43214
52559
210
8615
26563
18348
22043
1527
27628
394
11431
16659
9265
5020
22400
1509
4854
79630
9588
55365
61967
66636
4940
66177
321
76598
15362
8105
12084
18155
53102
55961
8551
4255
34598
2815
7919
6461
7352
222
9287
36609
25867
16804
9120
21316
20872
69035
33019
3295
11134
16492
3189
18604
2796
20480
42293
13206
72775
57187
26969
23977
57442
1354
9238
6323
7922
23950
5103
5665
98748
67629
33373
1052
36992
17
35025
9524
13911
80163
7127
16834
25885
43690
12831
27208
11441
47455
38791
884
10447
5391
60023
3627
961
22110
18468
19322
12121
40140
82488
13907
25333
74257
4982
12218
4965
5989
39275
49034
30968
23358
16628
7848
9722
33968
6213
16782
15098
67438
14631
12372
1407
39934
13738
2777
12236
928
85500
1676
326
24344
77009
777
2502
30734
6574
16251
88726
49936
35683
6636
19622
64089
20518
99016
18508
11461
57498
46426
32128
24344
87466
31652
28326
65889
13761
12268
37873
91904
65
622
2289
10877
42594
11268
46625
12054
38116
11269
3879
8228
11710
4852
9174
33600
1308
1957
13807
493
6786
8669
53104
2624
56439
7008
2172
84542
21021
7081
25538
59437
12425
68630
43611
4436
24317
21739
18573
55427
1803
229
12617
16637
4201
1745
1961
45567
43710
21979
37386
44214
18213
65622
29660
41737
11363
72267
29170
53456
12880
84931
35120
75871
5299
77043
32784
13093
32042
17305
53060
60481
9672
28525
12060
62813
2801
16348
37077
15590
58608
3659
51613
35789
36032
30578
8463
11883
11338
50143
96346
3159
76175
48144
63569
9811
36649
54692
26170
51512
82848
12432
13184
25803
5043
25173
24436
40883
11154
11727
15542
18895
53963
15740
34144
2149
13326
43274
340
2618
27758
11163
29757
54964
24991
8076
48885
9698
2475
45823
57808
26933
9870
46874
32789
54705
40110
18715
31707
10572
12335
38644
42942
31158
20314
23279
11912
7582
8744
42829
