3

S _ _ _ -> write_lp _ < _ ^ _ ^
S 0 _ _ -> write_lp 0 < _ ^ _ ^
S 1 _ _ -> write_lp 1 < _ ^ _ ^
S a _ _ -> write_lp a < _ ^ _ ^
S o _ _ -> write_lp o < _ ^ _ ^
S ( _ _ -> write_lp ( < _ ^ _ ^
S ) _ _ -> write_lp ) < _ ^ _ ^
write_lp _ _ _ -> toend_and_write_rp ( > _ ^ _ ^
toend_and_write_rp _ _ _ -> toend_and_write_rp _ > _ ^ _ ^
toend_and_write_rp 0 _ _ -> toend_and_write_rp 0 > _ ^ _ ^
toend_and_write_rp 1 _ _ -> toend_and_write_rp 1 > _ ^ _ ^
toend_and_write_rp a _ _ -> toend_and_write_rp a > _ ^ _ ^
toend_and_write_rp o _ _ -> toend_and_write_rp o > _ ^ _ ^
toend_and_write_rp ( _ _ -> toend_and_write_rp ( > _ ^ _ ^
toend_and_write_rp ) _ _ -> toend_and_write_rp ) > _ ^ _ ^
toend_and_write_rp _ _ _ -> to_readval_and_start ) < _ ^ _ ^
to_readval_and_start _ _ _ -> to_readval_and_start _ < _ ^ _ ^
to_readval_and_start 0 _ _ -> to_readval_and_start 0 < _ ^ _ ^
to_readval_and_start 1 _ _ -> to_readval_and_start 1 < _ ^ _ ^
to_readval_and_start a _ _ -> to_readval_and_start a < _ ^ _ ^
to_readval_and_start o _ _ -> to_readval_and_start o < _ ^ _ ^
to_readval_and_start ( _ _ -> to_readval_and_start ( < _ ^ _ ^
to_readval_and_start ) _ _ -> to_readval_and_start ) < _ ^ _ ^
to_readval_and_start _ _ _ -> readval _ > _ ^ _ ^

readval 0 _ _ -> push_0 _ > _ > _ ^
readval 0 _ a -> push_0 _ > _ > a ^
readval 0 _ o -> push_0 _ > _ > o ^
readval 0 _ ( -> push_0 _ > _ > ( ^
readval 0 0 _ -> push_0 _ > 0 > _ ^
readval 0 0 a -> push_0 _ > 0 > a ^
readval 0 0 o -> push_0 _ > 0 > o ^
readval 0 0 ( -> push_0 _ > 0 > ( ^
readval 0 1 _ -> push_0 _ > 1 > _ ^
readval 0 1 a -> push_0 _ > 1 > a ^
readval 0 1 o -> push_0 _ > 1 > o ^
readval 0 1 ( -> push_0 _ > 1 > ( ^
readval 1 _ _ -> push_1 _ > _ > _ ^
readval 1 _ a -> push_1 _ > _ > a ^
readval 1 _ o -> push_1 _ > _ > o ^
readval 1 _ ( -> push_1 _ > _ > ( ^
readval 1 0 _ -> push_1 _ > 0 > _ ^
readval 1 0 a -> push_1 _ > 0 > a ^
readval 1 0 o -> push_1 _ > 0 > o ^
readval 1 0 ( -> push_1 _ > 0 > ( ^
readval 1 1 _ -> push_1 _ > 1 > _ ^
readval 1 1 a -> push_1 _ > 1 > a ^
readval 1 1 o -> push_1 _ > 1 > o ^
readval 1 1 ( -> push_1 _ > 1 > ( ^
readval ( _ _ -> push_( _ > _ ^ _ >
readval ( _ a -> push_( _ > _ ^ a >
readval ( _ o -> push_( _ > _ ^ o >
readval ( _ ( -> push_( _ > _ ^ ( >
readval ( 0 _ -> push_( _ > 0 ^ _ >
readval ( 0 a -> push_( _ > 0 ^ a >
readval ( 0 o -> push_( _ > 0 ^ o >
readval ( 0 ( -> push_( _ > 0 ^ ( >
readval ( 1 _ -> push_( _ > 1 ^ _ >
readval ( 1 a -> push_( _ > 1 ^ a >
readval ( 1 o -> push_( _ > 1 ^ o >
readval ( 1 ( -> push_( _ > 1 ^ ( >

readval _ 0 _ -> AC 0 ^ _ ^ _ ^
readval _ 0 a -> AC 0 ^ _ ^ _ ^
readval _ 0 o -> AC 0 ^ _ ^ _ ^
readval _ 0 ( -> AC 0 ^ _ ^ _ ^
readval _ 1 _ -> AC 1 ^ _ ^ _ ^
readval _ 1 a -> AC 1 ^ _ ^ _ ^
readval _ 1 o -> AC 1 ^ _ ^ _ ^
readval _ 1 ( -> AC 1 ^ _ ^ _ ^

push_0 _ _ _ -> readop  _ ^ 0 ^ _ ^
push_0 _ _ a -> readop  _ ^ 0 ^ a ^
push_0 _ _ o -> readop  _ ^ 0 ^ o ^
push_0 _ _ ( -> readop  _ ^ 0 ^ ( ^
push_0 0 _ _ -> readop  0 ^ 0 ^ _ ^
push_0 0 _ a -> readop  0 ^ 0 ^ a ^
push_0 0 _ o -> readop  0 ^ 0 ^ o ^
push_0 0 _ ( -> readop  0 ^ 0 ^ ( ^
push_0 1 _ _ -> readop  1 ^ 0 ^ _ ^
push_0 1 _ a -> readop  1 ^ 0 ^ a ^
push_0 1 _ o -> readop  1 ^ 0 ^ o ^
push_0 1 _ ( -> readop  1 ^ 0 ^ ( ^
push_0 a _ _ -> readop  a ^ 0 ^ _ ^
push_0 a _ a -> readop  a ^ 0 ^ a ^
push_0 a _ o -> readop  a ^ 0 ^ o ^
push_0 a _ ( -> readop  a ^ 0 ^ ( ^
push_0 o _ _ -> readop  o ^ 0 ^ _ ^
push_0 o _ a -> readop  o ^ 0 ^ a ^
push_0 o _ o -> readop  o ^ 0 ^ o ^
push_0 o _ ( -> readop  o ^ 0 ^ ( ^
push_0 ( _ _ -> readop  ( ^ 0 ^ _ ^
push_0 ( _ a -> readop  ( ^ 0 ^ a ^
push_0 ( _ o -> readop  ( ^ 0 ^ o ^
push_0 ( _ ( -> readop  ( ^ 0 ^ ( ^
push_0 ) _ _ -> readop  ) ^ 0 ^ _ ^
push_0 ) _ a -> readop  ) ^ 0 ^ a ^
push_0 ) _ o -> readop  ) ^ 0 ^ o ^
push_0 ) _ ( -> readop  ) ^ 0 ^ ( ^
push_1 _ _ _ -> readop  _ ^ 1 ^ _ ^
push_1 _ _ a -> readop  _ ^ 1 ^ a ^
push_1 _ _ o -> readop  _ ^ 1 ^ o ^
push_1 _ _ ( -> readop  _ ^ 1 ^ ( ^
push_1 0 _ _ -> readop  0 ^ 1 ^ _ ^
push_1 0 _ a -> readop  0 ^ 1 ^ a ^
push_1 0 _ o -> readop  0 ^ 1 ^ o ^
push_1 0 _ ( -> readop  0 ^ 1 ^ ( ^
push_1 1 _ _ -> readop  1 ^ 1 ^ _ ^
push_1 1 _ a -> readop  1 ^ 1 ^ a ^
push_1 1 _ o -> readop  1 ^ 1 ^ o ^
push_1 1 _ ( -> readop  1 ^ 1 ^ ( ^
push_1 a _ _ -> readop  a ^ 1 ^ _ ^
push_1 a _ a -> readop  a ^ 1 ^ a ^
push_1 a _ o -> readop  a ^ 1 ^ o ^
push_1 a _ ( -> readop  a ^ 1 ^ ( ^
push_1 o _ _ -> readop  o ^ 1 ^ _ ^
push_1 o _ a -> readop  o ^ 1 ^ a ^
push_1 o _ o -> readop  o ^ 1 ^ o ^
push_1 o _ ( -> readop  o ^ 1 ^ ( ^
push_1 ( _ _ -> readop  ( ^ 1 ^ _ ^
push_1 ( _ a -> readop  ( ^ 1 ^ a ^
push_1 ( _ o -> readop  ( ^ 1 ^ o ^
push_1 ( _ ( -> readop  ( ^ 1 ^ ( ^
push_1 ) _ _ -> readop  ) ^ 1 ^ _ ^
push_1 ) _ a -> readop  ) ^ 1 ^ a ^
push_1 ) _ o -> readop  ) ^ 1 ^ o ^
push_1 ) _ ( -> readop  ) ^ 1 ^ ( ^
push_( _ _ _ -> readval _ ^ _ ^ ( ^
push_( _ 0 _ -> readval _ ^ 0 ^ ( ^
push_( _ 1 _ -> readval _ ^ 1 ^ ( ^
push_( 0 _ _ -> readval 0 ^ _ ^ ( ^
push_( 0 0 _ -> readval 0 ^ 0 ^ ( ^
push_( 0 1 _ -> readval 0 ^ 1 ^ ( ^
push_( 1 _ _ -> readval 1 ^ _ ^ ( ^
push_( 1 0 _ -> readval 1 ^ 0 ^ ( ^
push_( 1 1 _ -> readval 1 ^ 1 ^ ( ^
push_( a _ _ -> readval a ^ _ ^ ( ^
push_( a 0 _ -> readval a ^ 0 ^ ( ^
push_( a 1 _ -> readval a ^ 1 ^ ( ^
push_( o _ _ -> readval o ^ _ ^ ( ^
push_( o 0 _ -> readval o ^ 0 ^ ( ^
push_( o 1 _ -> readval o ^ 1 ^ ( ^
push_( ( _ _ -> readval ( ^ _ ^ ( ^
push_( ( 0 _ -> readval ( ^ 0 ^ ( ^
push_( ( 1 _ -> readval ( ^ 1 ^ ( ^
push_( ) _ _ -> readval ) ^ _ ^ ( ^
push_( ) 0 _ -> readval ) ^ 0 ^ ( ^
push_( ) 1 _ -> readval ) ^ 1 ^ ( ^

readop _ _ _ -> AC _ ^ _ ^ _ ^
readop _ _ a -> AC _ ^ _ ^ _ ^
readop _ _ o -> AC _ ^ _ ^ _ ^
readop _ _ ( -> AC _ ^ _ ^ _ ^
readop _ 0 _ -> AC 0 ^ _ ^ _ ^
readop _ 0 a -> AC 0 ^ _ ^ _ ^
readop _ 0 o -> AC 0 ^ _ ^ _ ^
readop _ 0 ( -> AC 0 ^ _ ^ _ ^
readop _ 1 _ -> AC 1 ^ _ ^ _ ^
readop _ 1 a -> AC 1 ^ _ ^ _ ^
readop _ 1 o -> AC 1 ^ _ ^ _ ^
readop _ 1 ( -> AC 1 ^ _ ^ _ ^

readop a _ _ -> readval    _ > _ ^ a ^
readop a 0 _ -> readval    _ > 0 ^ a ^
readop a 1 _ -> readval    _ > 1 ^ a ^
readop a _ o -> push_a_val _ > _ ^ o >
readop a 0 o -> push_a_val _ > 0 ^ o >
readop a 1 o -> push_a_val _ > 1 ^ o >
readop a _ ( -> push_a_val _ > _ ^ ( >
readop a 0 ( -> push_a_val _ > 0 ^ ( >
readop a 1 ( -> push_a_val _ > 1 ^ ( >
readop a _ a -> resolve    a ^ _ ^ a ^
readop a 0 a -> resolve    a ^ 0 ^ a ^
readop a 1 a -> resolve    a ^ 1 ^ a ^

readop o _ _ -> readval    _ > _ ^ o ^
readop o 0 _ -> readval    _ > 0 ^ o ^
readop o 1 _ -> readval    _ > 1 ^ o ^
readop o _ ( -> push_o_val _ > _ ^ ( >
readop o 0 ( -> push_o_val _ > 0 ^ ( >
readop o 1 ( -> push_o_val _ > 1 ^ ( >
readop o _ o -> resolve    o ^ _ ^ o ^
readop o 0 o -> resolve    o ^ 0 ^ o ^
readop o 1 o -> resolve    o ^ 1 ^ o ^
readop o _ a -> resolve    o ^ _ ^ a ^
readop o 0 a -> resolve    o ^ 0 ^ a ^
readop o 1 a -> resolve    o ^ 1 ^ a ^

readop ) _ _ -> resolve    ) ^ _ ^ _ ^
readop ) _ a -> resolve    ) ^ _ ^ a ^
readop ) _ o -> resolve    ) ^ _ ^ o ^
readop ) _ ( -> resolve    ) ^ _ ^ ( ^
readop ) 0 _ -> resolve    ) ^ 0 ^ _ ^
readop ) 0 a -> resolve    ) ^ 0 ^ a ^
readop ) 0 o -> resolve    ) ^ 0 ^ o ^
readop ) 0 ( -> resolve    ) ^ 0 ^ ( ^
readop ) 1 _ -> resolve    ) ^ 1 ^ _ ^
readop ) 1 a -> resolve    ) ^ 1 ^ a ^
readop ) 1 o -> resolve    ) ^ 1 ^ o ^
readop ) 1 ( -> resolve    ) ^ 1 ^ ( ^
readop ) _ ( -> readop     _ > _ ^ _ <
readop ) 0 ( -> readop     _ > 0 ^ _ <
readop ) 1 ( -> readop     _ > 1 ^ _ <

resolve   _ 0 _ -> resolve_0 _ ^ _ < _ ^
resolve   _ 0 a -> resolve_0 _ ^ _ < a ^
resolve   _ 0 o -> resolve_0 _ ^ _ < o ^
resolve   _ 0 ( -> resolve_0 _ ^ _ < ( ^
resolve   0 0 _ -> resolve_0 0 ^ _ < _ ^
resolve   0 0 a -> resolve_0 0 ^ _ < a ^
resolve   0 0 o -> resolve_0 0 ^ _ < o ^
resolve   0 0 ( -> resolve_0 0 ^ _ < ( ^
resolve   1 0 _ -> resolve_0 1 ^ _ < _ ^
resolve   1 0 a -> resolve_0 1 ^ _ < a ^
resolve   1 0 o -> resolve_0 1 ^ _ < o ^
resolve   1 0 ( -> resolve_0 1 ^ _ < ( ^
resolve   a 0 _ -> resolve_0 a ^ _ < _ ^
resolve   a 0 a -> resolve_0 a ^ _ < a ^
resolve   a 0 o -> resolve_0 a ^ _ < o ^
resolve   a 0 ( -> resolve_0 a ^ _ < ( ^
resolve   o 0 _ -> resolve_0 o ^ _ < _ ^
resolve   o 0 a -> resolve_0 o ^ _ < a ^
resolve   o 0 o -> resolve_0 o ^ _ < o ^
resolve   o 0 ( -> resolve_0 o ^ _ < ( ^
resolve   ( 0 _ -> resolve_0 ( ^ _ < _ ^
resolve   ( 0 a -> resolve_0 ( ^ _ < a ^
resolve   ( 0 o -> resolve_0 ( ^ _ < o ^
resolve   ( 0 ( -> resolve_0 ( ^ _ < ( ^
resolve   ) 0 _ -> resolve_0 ) ^ _ < _ ^
resolve   ) 0 a -> resolve_0 ) ^ _ < a ^
resolve   ) 0 o -> resolve_0 ) ^ _ < o ^
resolve   ) 0 ( -> resolve_0 ) ^ _ < ( ^
resolve   _ 1 _ -> resolve_1 _ ^ _ < _ ^
resolve   _ 1 a -> resolve_1 _ ^ _ < a ^
resolve   _ 1 o -> resolve_1 _ ^ _ < o ^
resolve   _ 1 ( -> resolve_1 _ ^ _ < ( ^
resolve   0 1 _ -> resolve_1 0 ^ _ < _ ^
resolve   0 1 a -> resolve_1 0 ^ _ < a ^
resolve   0 1 o -> resolve_1 0 ^ _ < o ^
resolve   0 1 ( -> resolve_1 0 ^ _ < ( ^
resolve   1 1 _ -> resolve_1 1 ^ _ < _ ^
resolve   1 1 a -> resolve_1 1 ^ _ < a ^
resolve   1 1 o -> resolve_1 1 ^ _ < o ^
resolve   1 1 ( -> resolve_1 1 ^ _ < ( ^
resolve   a 1 _ -> resolve_1 a ^ _ < _ ^
resolve   a 1 a -> resolve_1 a ^ _ < a ^
resolve   a 1 o -> resolve_1 a ^ _ < o ^
resolve   a 1 ( -> resolve_1 a ^ _ < ( ^
resolve   o 1 _ -> resolve_1 o ^ _ < _ ^
resolve   o 1 a -> resolve_1 o ^ _ < a ^
resolve   o 1 o -> resolve_1 o ^ _ < o ^
resolve   o 1 ( -> resolve_1 o ^ _ < ( ^
resolve   ( 1 _ -> resolve_1 ( ^ _ < _ ^
resolve   ( 1 a -> resolve_1 ( ^ _ < a ^
resolve   ( 1 o -> resolve_1 ( ^ _ < o ^
resolve   ( 1 ( -> resolve_1 ( ^ _ < ( ^
resolve   ) 1 _ -> resolve_1 ) ^ _ < _ ^
resolve   ) 1 a -> resolve_1 ) ^ _ < a ^
resolve   ) 1 o -> resolve_1 ) ^ _ < o ^
resolve   ) 1 ( -> resolve_1 ) ^ _ < ( ^
resolve_0 _ 0 a -> readop    _ ^ 0 ^ _ <
resolve_0 0 0 a -> readop    0 ^ 0 ^ _ <
resolve_0 1 0 a -> readop    1 ^ 0 ^ _ <
resolve_0 a 0 a -> readop    a ^ 0 ^ _ <
resolve_0 o 0 a -> readop    o ^ 0 ^ _ <
resolve_0 ( 0 a -> readop    ( ^ 0 ^ _ <
resolve_0 ) 0 a -> readop    ) ^ 0 ^ _ <
resolve_0 _ 1 a -> readop    _ ^ 0 ^ _ <
resolve_0 0 1 a -> readop    0 ^ 0 ^ _ <
resolve_0 1 1 a -> readop    1 ^ 0 ^ _ <
resolve_0 a 1 a -> readop    a ^ 0 ^ _ <
resolve_0 o 1 a -> readop    o ^ 0 ^ _ <
resolve_0 ( 1 a -> readop    ( ^ 0 ^ _ <
resolve_0 ) 1 a -> readop    ) ^ 0 ^ _ <
resolve_0 _ 0 o -> readop    _ ^ 0 ^ _ <
resolve_0 0 0 o -> readop    0 ^ 0 ^ _ <
resolve_0 1 0 o -> readop    1 ^ 0 ^ _ <
resolve_0 a 0 o -> readop    a ^ 0 ^ _ <
resolve_0 o 0 o -> readop    o ^ 0 ^ _ <
resolve_0 ( 0 o -> readop    ( ^ 0 ^ _ <
resolve_0 ) 0 o -> readop    ) ^ 0 ^ _ <
resolve_0 _ 1 o -> readop    _ ^ 1 ^ _ <
resolve_0 0 1 o -> readop    0 ^ 1 ^ _ <
resolve_0 1 1 o -> readop    1 ^ 1 ^ _ <
resolve_0 a 1 o -> readop    a ^ 1 ^ _ <
resolve_0 o 1 o -> readop    o ^ 1 ^ _ <
resolve_0 ( 1 o -> readop    ( ^ 1 ^ _ <
resolve_0 ) 1 o -> readop    ) ^ 1 ^ _ <
resolve_1 _ 0 a -> readop    _ ^ 0 ^ _ <
resolve_1 0 0 a -> readop    0 ^ 0 ^ _ <
resolve_1 1 0 a -> readop    1 ^ 0 ^ _ <
resolve_1 a 0 a -> readop    a ^ 0 ^ _ <
resolve_1 o 0 a -> readop    o ^ 0 ^ _ <
resolve_1 ( 0 a -> readop    ( ^ 0 ^ _ <
resolve_1 ) 0 a -> readop    ) ^ 0 ^ _ <
resolve_1 _ 1 a -> readop    _ ^ 1 ^ _ <
resolve_1 0 1 a -> readop    0 ^ 1 ^ _ <
resolve_1 1 1 a -> readop    1 ^ 1 ^ _ <
resolve_1 a 1 a -> readop    a ^ 1 ^ _ <
resolve_1 o 1 a -> readop    o ^ 1 ^ _ <
resolve_1 ( 1 a -> readop    ( ^ 1 ^ _ <
resolve_1 ) 1 a -> readop    ) ^ 1 ^ _ <
resolve_1 _ 0 o -> readop    _ ^ 1 ^ _ <
resolve_1 0 0 o -> readop    0 ^ 1 ^ _ <
resolve_1 1 0 o -> readop    1 ^ 1 ^ _ <
resolve_1 a 0 o -> readop    a ^ 1 ^ _ <
resolve_1 o 0 o -> readop    o ^ 1 ^ _ <
resolve_1 ( 0 o -> readop    ( ^ 1 ^ _ <
resolve_1 ) 0 o -> readop    ) ^ 1 ^ _ <
resolve_1 _ 1 o -> readop    _ ^ 1 ^ _ <
resolve_1 0 1 o -> readop    0 ^ 1 ^ _ <
resolve_1 1 1 o -> readop    1 ^ 1 ^ _ <
resolve_1 a 1 o -> readop    a ^ 1 ^ _ <
resolve_1 o 1 o -> readop    o ^ 1 ^ _ <
resolve_1 ( 1 o -> readop    ( ^ 1 ^ _ <
resolve_1 ) 1 o -> readop    ) ^ 1 ^ _ <

push_a_val _ _ _ -> readval _ ^ _ ^ a ^
push_a_val _ 0 _ -> readval _ ^ 0 ^ a ^
push_a_val _ 1 _ -> readval _ ^ 1 ^ a ^
push_a_val 0 _ _ -> readval 0 ^ _ ^ a ^
push_a_val 0 0 _ -> readval 0 ^ 0 ^ a ^
push_a_val 0 1 _ -> readval 0 ^ 1 ^ a ^
push_a_val 1 _ _ -> readval 1 ^ _ ^ a ^
push_a_val 1 0 _ -> readval 1 ^ 0 ^ a ^
push_a_val 1 1 _ -> readval 1 ^ 1 ^ a ^
push_a_val a _ _ -> readval a ^ _ ^ a ^
push_a_val a 0 _ -> readval a ^ 0 ^ a ^
push_a_val a 1 _ -> readval a ^ 1 ^ a ^
push_a_val o _ _ -> readval o ^ _ ^ a ^
push_a_val o 0 _ -> readval o ^ 0 ^ a ^
push_a_val o 1 _ -> readval o ^ 1 ^ a ^
push_a_val ( _ _ -> readval ( ^ _ ^ a ^
push_a_val ( 0 _ -> readval ( ^ 0 ^ a ^
push_a_val ( 1 _ -> readval ( ^ 1 ^ a ^
push_a_val ) _ _ -> readval ) ^ _ ^ a ^
push_a_val ) 0 _ -> readval ) ^ 0 ^ a ^
push_a_val ) 1 _ -> readval ) ^ 1 ^ a ^
push_o_val _ _ _ -> readval _ ^ _ ^ o ^
push_o_val _ 0 _ -> readval _ ^ 0 ^ o ^
push_o_val _ 1 _ -> readval _ ^ 1 ^ o ^
push_o_val 0 _ _ -> readval 0 ^ _ ^ o ^
push_o_val 0 0 _ -> readval 0 ^ 0 ^ o ^
push_o_val 0 1 _ -> readval 0 ^ 1 ^ o ^
push_o_val 1 _ _ -> readval 1 ^ _ ^ o ^
push_o_val 1 0 _ -> readval 1 ^ 0 ^ o ^
push_o_val 1 1 _ -> readval 1 ^ 1 ^ o ^
push_o_val a _ _ -> readval a ^ _ ^ o ^
push_o_val a 0 _ -> readval a ^ 0 ^ o ^
push_o_val a 1 _ -> readval a ^ 1 ^ o ^
push_o_val o _ _ -> readval o ^ _ ^ o ^
push_o_val o 0 _ -> readval o ^ 0 ^ o ^
push_o_val o 1 _ -> readval o ^ 1 ^ o ^
push_o_val ( _ _ -> readval ( ^ _ ^ o ^
push_o_val ( 0 _ -> readval ( ^ 0 ^ o ^
push_o_val ( 1 _ -> readval ( ^ 1 ^ o ^
push_o_val ) _ _ -> readval ) ^ _ ^ o ^
push_o_val ) 0 _ -> readval ) ^ 0 ^ o ^
push_o_val ) 1 _ -> readval ) ^ 1 ^ o ^